<?xml version="1.0" encoding="UTF-8"?>
<testsuite xmlns:xsi="http://www.w3.org/2001/XMLSchema-instance" xsi:noNamespaceSchemaLocation="https://maven.apache.org/surefire/maven-surefire-plugin/xsd/surefire-test-report-3.0.xsd" version="3.0" name="com.libbi.trivia.TriviaApplicationTests" time="6.211" tests="1" errors="0" skipped="0" failures="0">
  <properties>
[...]
</properties>
  <testcase name="contextLoads" classname="com.libbi.trivia.TriviaApplicationTests" time="0.567">
    <system-out><![CDATA[14:48:30.941 [main] INFO org.springframework.test.context.support.AnnotationConfigContextLoaderUtils -- Could not detect default configuration classes for test class [com.libbi.trivia.TriviaApplicationTests]: TriviaApplicationTests does not declare any static, non-private, non-final, nested classes annotated with @Configuration.
14:48:31.056 [main] INFO org.springframework.boot.test.context.SpringBootTestContextBootstrapper -- Found @SpringBootConfiguration com.libbi.trivia.TriviaApplication for test class com.libbi.trivia.TriviaApplicationTests

  .   ____          _            __ _ _
 /\\ / ___'_ __ _ _(_)_ __  __ _ \ \ \ \
( ( )\___ | '_ | '_| | '_ \/ _` | \ \ \ \
 \\/  ___)| |_)| | | | | || (_| |  ) ) ) )
  '  |____| .__|_| |_|_| |_\__, | / / / /
 =========|_|==============|___/=/_/_/_/
 :: Spring Boot ::                (v3.2.5)

2024-06-02T14:48:31.472-07:00  INFO 48319 --- [trivia] [           main] c.libbi.trivia.TriviaApplicationTests    : Starting TriviaApplicationTests using Java 17.0.9 with PID 48319 (started by elizabetheilbert in /Users/elizabetheilbert/projects/trivia/triviav2/triviav2/backend)
2024-06-02T14:48:31.473-07:00  INFO 48319 --- [trivia] [           main] c.libbi.trivia.TriviaApplicationTests    : No active profile set, falling back to 1 default profile: "default"
2024-06-02T14:48:32.176-07:00  INFO 48319 --- [trivia] [           main] .s.d.r.c.RepositoryConfigurationDelegate : Bootstrapping Spring Data JPA repositories in DEFAULT mode.
2024-06-02T14:48:32.268-07:00  INFO 48319 --- [trivia] [           main] .s.d.r.c.RepositoryConfigurationDelegate : Finished Spring Data repository scanning in 83 ms. Found 7 JPA repository interfaces.
2024-06-02T14:48:32.733-07:00  INFO 48319 --- [trivia] [           main] o.hibernate.jpa.internal.util.LogHelper  : HHH000204: Processing PersistenceUnitInfo [name: default]
2024-06-02T14:48:32.795-07:00  INFO 48319 --- [trivia] [           main] org.hibernate.Version                    : HHH000412: Hibernate ORM core version 6.4.4.Final
2024-06-02T14:48:32.839-07:00  INFO 48319 --- [trivia] [           main] o.h.c.internal.RegionFactoryInitiator    : HHH000026: Second-level cache disabled
2024-06-02T14:48:33.071-07:00  INFO 48319 --- [trivia] [           main] o.s.o.j.p.SpringPersistenceUnitInfo      : No LoadTimeWeaver setup: ignoring JPA class transformer
2024-06-02T14:48:33.100-07:00  INFO 48319 --- [trivia] [           main] com.zaxxer.hikari.HikariDataSource       : HikariPool-1 - Starting...
2024-06-02T14:48:33.218-07:00  INFO 48319 --- [trivia] [           main] com.zaxxer.hikari.pool.HikariPool        : HikariPool-1 - Added connection org.postgresql.jdbc.PgConnection@104a287c
2024-06-02T14:48:33.220-07:00  INFO 48319 --- [trivia] [           main] com.zaxxer.hikari.HikariDataSource       : HikariPool-1 - Start completed.
2024-06-02T14:48:34.346-07:00  INFO 48319 --- [trivia] [           main] o.h.e.t.j.p.i.JtaPlatformInitiator       : HHH000489: No JTA platform available (set 'hibernate.transaction.jta.platform' to enable JTA platform integration)
2024-06-02T14:48:34.376-07:00  WARN 48319 --- [trivia] [           main] o.h.engine.jdbc.spi.SqlExceptionHelper   : SQL Warning Code: 0, SQLState: 00000
2024-06-02T14:48:34.376-07:00  WARN 48319 --- [trivia] [           main] o.h.engine.jdbc.spi.SqlExceptionHelper   : relation "_user" does not exist, skipping
2024-06-02T14:48:34.377-07:00  WARN 48319 --- [trivia] [           main] o.h.engine.jdbc.spi.SqlExceptionHelper   : SQL Warning Code: 0, SQLState: 00000
2024-06-02T14:48:34.377-07:00  WARN 48319 --- [trivia] [           main] o.h.engine.jdbc.spi.SqlExceptionHelper   : relation "answer" does not exist, skipping
2024-06-02T14:48:34.378-07:00  WARN 48319 --- [trivia] [           main] o.h.engine.jdbc.spi.SqlExceptionHelper   : SQL Warning Code: 0, SQLState: 00000
2024-06-02T14:48:34.378-07:00  WARN 48319 --- [trivia] [           main] o.h.engine.jdbc.spi.SqlExceptionHelper   : relation "question" does not exist, skipping
2024-06-02T14:48:34.378-07:00  WARN 48319 --- [trivia] [           main] o.h.engine.jdbc.spi.SqlExceptionHelper   : SQL Warning Code: 0, SQLState: 00000
2024-06-02T14:48:34.379-07:00  WARN 48319 --- [trivia] [           main] o.h.engine.jdbc.spi.SqlExceptionHelper   : relation "question" does not exist, skipping
2024-06-02T14:48:34.379-07:00  WARN 48319 --- [trivia] [           main] o.h.engine.jdbc.spi.SqlExceptionHelper   : SQL Warning Code: 0, SQLState: 00000
2024-06-02T14:48:34.379-07:00  WARN 48319 --- [trivia] [           main] o.h.engine.jdbc.spi.SqlExceptionHelper   : relation "round" does not exist, skipping
2024-06-02T14:48:34.380-07:00  WARN 48319 --- [trivia] [           main] o.h.engine.jdbc.spi.SqlExceptionHelper   : SQL Warning Code: 0, SQLState: 00000
2024-06-02T14:48:34.380-07:00  WARN 48319 --- [trivia] [           main] o.h.engine.jdbc.spi.SqlExceptionHelper   : relation "round_tags" does not exist, skipping
2024-06-02T14:48:34.381-07:00  WARN 48319 --- [trivia] [           main] o.h.engine.jdbc.spi.SqlExceptionHelper   : SQL Warning Code: 0, SQLState: 00000
2024-06-02T14:48:34.381-07:00  WARN 48319 --- [trivia] [           main] o.h.engine.jdbc.spi.SqlExceptionHelper   : relation "submission" does not exist, skipping
2024-06-02T14:48:34.382-07:00  WARN 48319 --- [trivia] [           main] o.h.engine.jdbc.spi.SqlExceptionHelper   : SQL Warning Code: 0, SQLState: 00000
2024-06-02T14:48:34.382-07:00  WARN 48319 --- [trivia] [           main] o.h.engine.jdbc.spi.SqlExceptionHelper   : relation "submission" does not exist, skipping
2024-06-02T14:48:34.383-07:00  WARN 48319 --- [trivia] [           main] o.h.engine.jdbc.spi.SqlExceptionHelper   : SQL Warning Code: 0, SQLState: 00000
2024-06-02T14:48:34.383-07:00  WARN 48319 --- [trivia] [           main] o.h.engine.jdbc.spi.SqlExceptionHelper   : relation "submitted_answers" does not exist, skipping
2024-06-02T14:48:34.384-07:00  WARN 48319 --- [trivia] [           main] o.h.engine.jdbc.spi.SqlExceptionHelper   : SQL Warning Code: 0, SQLState: 00000
2024-06-02T14:48:34.384-07:00  WARN 48319 --- [trivia] [           main] o.h.engine.jdbc.spi.SqlExceptionHelper   : relation "team" does not exist, skipping
2024-06-02T14:48:34.385-07:00  WARN 48319 --- [trivia] [           main] o.h.engine.jdbc.spi.SqlExceptionHelper   : SQL Warning Code: 0, SQLState: 00000
2024-06-02T14:48:34.385-07:00  WARN 48319 --- [trivia] [           main] o.h.engine.jdbc.spi.SqlExceptionHelper   : relation "team" does not exist, skipping
2024-06-02T14:48:34.386-07:00  WARN 48319 --- [trivia] [           main] o.h.engine.jdbc.spi.SqlExceptionHelper   : SQL Warning Code: 0, SQLState: 00000
2024-06-02T14:48:34.386-07:00  WARN 48319 --- [trivia] [           main] o.h.engine.jdbc.spi.SqlExceptionHelper   : relation "token" does not exist, skipping
2024-06-02T14:48:34.387-07:00  WARN 48319 --- [trivia] [           main] o.h.engine.jdbc.spi.SqlExceptionHelper   : SQL Warning Code: 0, SQLState: 00000
2024-06-02T14:48:34.388-07:00  WARN 48319 --- [trivia] [           main] o.h.engine.jdbc.spi.SqlExceptionHelper   : table "_user" does not exist, skipping
2024-06-02T14:48:34.388-07:00  WARN 48319 --- [trivia] [           main] o.h.engine.jdbc.spi.SqlExceptionHelper   : SQL Warning Code: 0, SQLState: 00000
2024-06-02T14:48:34.389-07:00  WARN 48319 --- [trivia] [           main] o.h.engine.jdbc.spi.SqlExceptionHelper   : table "answer" does not exist, skipping
2024-06-02T14:48:34.389-07:00  WARN 48319 --- [trivia] [           main] o.h.engine.jdbc.spi.SqlExceptionHelper   : SQL Warning Code: 0, SQLState: 00000
2024-06-02T14:48:34.389-07:00  WARN 48319 --- [trivia] [           main] o.h.engine.jdbc.spi.SqlExceptionHelper   : table "game" does not exist, skipping
2024-06-02T14:48:34.390-07:00  WARN 48319 --- [trivia] [           main] o.h.engine.jdbc.spi.SqlExceptionHelper   : SQL Warning Code: 0, SQLState: 00000
2024-06-02T14:48:34.390-07:00  WARN 48319 --- [trivia] [           main] o.h.engine.jdbc.spi.SqlExceptionHelper   : table "question" does not exist, skipping
2024-06-02T14:48:34.391-07:00  WARN 48319 --- [trivia] [           main] o.h.engine.jdbc.spi.SqlExceptionHelper   : SQL Warning Code: 0, SQLState: 00000
2024-06-02T14:48:34.391-07:00  WARN 48319 --- [trivia] [           main] o.h.engine.jdbc.spi.SqlExceptionHelper   : table "round" does not exist, skipping
2024-06-02T14:48:34.393-07:00  WARN 48319 --- [trivia] [           main] o.h.engine.jdbc.spi.SqlExceptionHelper   : SQL Warning Code: 0, SQLState: 00000
2024-06-02T14:48:34.393-07:00  WARN 48319 --- [trivia] [           main] o.h.engine.jdbc.spi.SqlExceptionHelper   : table "round_tags" does not exist, skipping
2024-06-02T14:48:34.394-07:00  WARN 48319 --- [trivia] [           main] o.h.engine.jdbc.spi.SqlExceptionHelper   : SQL Warning Code: 0, SQLState: 00000
2024-06-02T14:48:34.394-07:00  WARN 48319 --- [trivia] [           main] o.h.engine.jdbc.spi.SqlExceptionHelper   : table "submission" does not exist, skipping
2024-06-02T14:48:34.395-07:00  WARN 48319 --- [trivia] [           main] o.h.engine.jdbc.spi.SqlExceptionHelper   : SQL Warning Code: 0, SQLState: 00000
2024-06-02T14:48:34.396-07:00  WARN 48319 --- [trivia] [           main] o.h.engine.jdbc.spi.SqlExceptionHelper   : table "submitted_answers" does not exist, skipping
2024-06-02T14:48:34.396-07:00  WARN 48319 --- [trivia] [           main] o.h.engine.jdbc.spi.SqlExceptionHelper   : SQL Warning Code: 0, SQLState: 00000
2024-06-02T14:48:34.396-07:00  WARN 48319 --- [trivia] [           main] o.h.engine.jdbc.spi.SqlExceptionHelper   : table "team" does not exist, skipping
2024-06-02T14:48:34.397-07:00  WARN 48319 --- [trivia] [           main] o.h.engine.jdbc.spi.SqlExceptionHelper   : SQL Warning Code: 0, SQLState: 00000
2024-06-02T14:48:34.397-07:00  WARN 48319 --- [trivia] [           main] o.h.engine.jdbc.spi.SqlExceptionHelper   : table "token" does not exist, skipping
2024-06-02T14:48:34.398-07:00  WARN 48319 --- [trivia] [           main] o.h.engine.jdbc.spi.SqlExceptionHelper   : SQL Warning Code: 0, SQLState: 00000
2024-06-02T14:48:34.398-07:00  WARN 48319 --- [trivia] [           main] o.h.engine.jdbc.spi.SqlExceptionHelper   : sequence "answer_sequence" does not exist, skipping
2024-06-02T14:48:34.399-07:00  WARN 48319 --- [trivia] [           main] o.h.engine.jdbc.spi.SqlExceptionHelper   : SQL Warning Code: 0, SQLState: 00000
2024-06-02T14:48:34.399-07:00  WARN 48319 --- [trivia] [           main] o.h.engine.jdbc.spi.SqlExceptionHelper   : sequence "game_sequence" does not exist, skipping
2024-06-02T14:48:34.400-07:00  WARN 48319 --- [trivia] [           main] o.h.engine.jdbc.spi.SqlExceptionHelper   : SQL Warning Code: 0, SQLState: 00000
2024-06-02T14:48:34.400-07:00  WARN 48319 --- [trivia] [           main] o.h.engine.jdbc.spi.SqlExceptionHelper   : sequence "question_sequence" does not exist, skipping
2024-06-02T14:48:34.400-07:00  WARN 48319 --- [trivia] [           main] o.h.engine.jdbc.spi.SqlExceptionHelper   : SQL Warning Code: 0, SQLState: 00000
2024-06-02T14:48:34.401-07:00  WARN 48319 --- [trivia] [           main] o.h.engine.jdbc.spi.SqlExceptionHelper   : sequence "round_sequence" does not exist, skipping
2024-06-02T14:48:34.401-07:00  WARN 48319 --- [trivia] [           main] o.h.engine.jdbc.spi.SqlExceptionHelper   : SQL Warning Code: 0, SQLState: 00000
2024-06-02T14:48:34.401-07:00  WARN 48319 --- [trivia] [           main] o.h.engine.jdbc.spi.SqlExceptionHelper   : sequence "submission_sequence" does not exist, skipping
2024-06-02T14:48:34.402-07:00  WARN 48319 --- [trivia] [           main] o.h.engine.jdbc.spi.SqlExceptionHelper   : SQL Warning Code: 0, SQLState: 00000
2024-06-02T14:48:34.402-07:00  WARN 48319 --- [trivia] [           main] o.h.engine.jdbc.spi.SqlExceptionHelper   : sequence "team_sequence" does not exist, skipping
2024-06-02T14:48:34.403-07:00  WARN 48319 --- [trivia] [           main] o.h.engine.jdbc.spi.SqlExceptionHelper   : SQL Warning Code: 0, SQLState: 00000
2024-06-02T14:48:34.403-07:00  WARN 48319 --- [trivia] [           main] o.h.engine.jdbc.spi.SqlExceptionHelper   : sequence "token_seq" does not exist, skipping
2024-06-02T14:48:34.404-07:00  WARN 48319 --- [trivia] [           main] o.h.engine.jdbc.spi.SqlExceptionHelper   : SQL Warning Code: 0, SQLState: 00000
2024-06-02T14:48:34.404-07:00  WARN 48319 --- [trivia] [           main] o.h.engine.jdbc.spi.SqlExceptionHelper   : sequence "user_sequence" does not exist, skipping
2024-06-02T14:48:34.502-07:00  INFO 48319 --- [trivia] [           main] j.LocalContainerEntityManagerFactoryBean : Initialized JPA EntityManagerFactory for persistence unit 'default'
2024-06-02T14:48:34.928-07:00  INFO 48319 --- [trivia] [           main] o.s.d.j.r.query.QueryEnhancerFactory     : Hibernate is in classpath; If applicable, HQL parser will be used.
2024-06-02T14:48:35.371-07:00  WARN 48319 --- [trivia] [           main] JpaBaseConfiguration$JpaWebConfiguration : spring.jpa.open-in-view is enabled by default. Therefore, database queries may be performed during view rendering. Explicitly configure spring.jpa.open-in-view to disable this warning
2024-06-02T14:48:35.694-07:00  INFO 48319 --- [trivia] [           main] o.s.s.web.DefaultSecurityFilterChain     : Will secure any request with [org.springframework.security.web.session.DisableEncodeUrlFilter@e1f17e6, org.springframework.security.web.context.request.async.WebAsyncManagerIntegrationFilter@249f95a2, org.springframework.security.web.context.SecurityContextHolderFilter@2394fad2, org.springframework.security.web.header.HeaderWriterFilter@1bc467bd, org.springframework.web.filter.CorsFilter@5f36ba0f, org.springframework.security.web.authentication.logout.LogoutFilter@1e7b277a, com.libbi.trivia.config.JwtAuthenticationFilter@1c71d704, org.springframework.security.web.savedrequest.RequestCacheAwareFilter@75d454a4, org.springframework.security.web.servletapi.SecurityContextHolderAwareRequestFilter@42cf08a1, org.springframework.security.web.authentication.AnonymousAuthenticationFilter@70c741be, org.springframework.security.web.session.SessionManagementFilter@70201785, org.springframework.security.web.access.ExceptionTranslationFilter@34a8a5ad, org.springframework.security.web.access.intercept.AuthorizationFilter@3063493e]
2024-06-02T14:48:36.001-07:00  INFO 48319 --- [trivia] [           main] c.libbi.trivia.TriviaApplicationTests    : Started TriviaApplicationTests in 4.779 seconds (process running for 5.832)
]]></system-out>
  </testcase>
</testsuite>