<?xml version="1.0" encoding="UTF-8"?>
<testsuite xmlns:xsi="http://www.w3.org/2001/XMLSchema-instance" xsi:noNamespaceSchemaLocation="https://maven.apache.org/surefire/maven-surefire-plugin/xsd/surefire-test-report-3.0.xsd" version="3.0" name="com.libbi.trivia.TriviaApplicationTests" time="5.632" tests="1" errors="0" skipped="0" failures="0">
  <properties>
[...]
</properties>
  <testcase name="contextLoads" classname="com.libbi.trivia.TriviaApplicationTests" time="0.55">
    <system-out><![CDATA[14:42:23.604 [main] INFO org.springframework.test.context.support.AnnotationConfigContextLoaderUtils -- Could not detect default configuration classes for test class [com.libbi.trivia.TriviaApplicationTests]: TriviaApplicationTests does not declare any static, non-private, non-final, nested classes annotated with @Configuration.
14:42:23.709 [main] INFO org.springframework.boot.test.context.SpringBootTestContextBootstrapper -- Found @SpringBootConfiguration com.libbi.trivia.TriviaApplication for test class com.libbi.trivia.TriviaApplicationTests

  .   ____          _            __ _ _
 /\\ / ___'_ __ _ _(_)_ __  __ _ \ \ \ \
( ( )\___ | '_ | '_| | '_ \/ _` | \ \ \ \
 \\/  ___)| |_)| | | | | || (_| |  ) ) ) )
  '  |____| .__|_| |_|_| |_\__, | / / / /
 =========|_|==============|___/=/_/_/_/
 :: Spring Boot ::                (v3.2.5)

2024-05-24T14:42:24.154-07:00  INFO 79649 --- [trivia] [           main] c.libbi.trivia.TriviaApplicationTests    : Starting TriviaApplicationTests using Java 17.0.9 with PID 79649 (started by elizabetheilbert in /Users/elizabetheilbert/projects/trivia/triviav2/triviav2/backend)
2024-05-24T14:42:24.155-07:00  INFO 79649 --- [trivia] [           main] c.libbi.trivia.TriviaApplicationTests    : No active profile set, falling back to 1 default profile: "default"
2024-05-24T14:42:24.156-07:00 DEBUG 79649 --- [trivia] [           main] o.s.boot.SpringApplication               : Loading source class com.libbi.trivia.TriviaApplication
2024-05-24T14:42:24.184-07:00 DEBUG 79649 --- [trivia] [           main] o.s.w.c.s.GenericWebApplicationContext   : Refreshing org.springframework.web.context.support.GenericWebApplicationContext@4cc547a
2024-05-24T14:42:24.200-07:00 DEBUG 79649 --- [trivia] [           main] o.s.b.f.s.DefaultListableBeanFactory     : Creating shared instance of singleton bean 'org.springframework.context.annotation.internalConfigurationAnnotationProcessor'
2024-05-24T14:42:24.209-07:00 DEBUG 79649 --- [trivia] [           main] o.s.b.f.s.DefaultListableBeanFactory     : Creating shared instance of singleton bean 'org.springframework.boot.autoconfigure.internalCachingMetadataReaderFactory'
2024-05-24T14:42:24.238-07:00 DEBUG 79649 --- [trivia] [           main] o.s.c.a.ClassPathBeanDefinitionScanner   : Identified candidate component class: file [/Users/elizabetheilbert/projects/trivia/triviav2/triviav2/backend/target/classes/com/libbi/trivia/Seeder.class]
2024-05-24T14:42:24.242-07:00 DEBUG 79649 --- [trivia] [           main] o.s.c.a.ClassPathBeanDefinitionScanner   : Identified candidate component class: file [/Users/elizabetheilbert/projects/trivia/triviav2/triviav2/backend/target/classes/com/libbi/trivia/WebConfig.class]
2024-05-24T14:42:24.253-07:00 DEBUG 79649 --- [trivia] [           main] o.s.c.a.ClassPathBeanDefinitionScanner   : Identified candidate component class: file [/Users/elizabetheilbert/projects/trivia/triviav2/triviav2/backend/target/classes/com/libbi/trivia/auth/AuthenticationController.class]
2024-05-24T14:42:24.256-07:00 DEBUG 79649 --- [trivia] [           main] o.s.c.a.ClassPathBeanDefinitionScanner   : Identified candidate component class: file [/Users/elizabetheilbert/projects/trivia/triviav2/triviav2/backend/target/classes/com/libbi/trivia/auth/AuthenticationService.class]
2024-05-24T14:42:24.257-07:00 DEBUG 79649 --- [trivia] [           main] o.s.c.a.ClassPathBeanDefinitionScanner   : Identified candidate component class: file [/Users/elizabetheilbert/projects/trivia/triviav2/triviav2/backend/target/classes/com/libbi/trivia/config/ApplicationConfig.class]
2024-05-24T14:42:24.258-07:00 DEBUG 79649 --- [trivia] [           main] o.s.c.a.ClassPathBeanDefinitionScanner   : Identified candidate component class: file [/Users/elizabetheilbert/projects/trivia/triviav2/triviav2/backend/target/classes/com/libbi/trivia/config/JwtAuthenticationFilter.class]
2024-05-24T14:42:24.259-07:00 DEBUG 79649 --- [trivia] [           main] o.s.c.a.ClassPathBeanDefinitionScanner   : Identified candidate component class: file [/Users/elizabetheilbert/projects/trivia/triviav2/triviav2/backend/target/classes/com/libbi/trivia/config/JwtService.class]
2024-05-24T14:42:24.259-07:00 DEBUG 79649 --- [trivia] [           main] o.s.c.a.ClassPathBeanDefinitionScanner   : Identified candidate component class: file [/Users/elizabetheilbert/projects/trivia/triviav2/triviav2/backend/target/classes/com/libbi/trivia/config/LogoutService.class]
2024-05-24T14:42:24.263-07:00 DEBUG 79649 --- [trivia] [           main] o.s.c.a.ClassPathBeanDefinitionScanner   : Identified candidate component class: file [/Users/elizabetheilbert/projects/trivia/triviav2/triviav2/backend/target/classes/com/libbi/trivia/config/SecurityConfiguration.class]
2024-05-24T14:42:24.265-07:00 DEBUG 79649 --- [trivia] [           main] o.s.c.a.ClassPathBeanDefinitionScanner   : Ignored because not a concrete top-level class: file [/Users/elizabetheilbert/projects/trivia/triviav2/triviav2/backend/target/classes/com/libbi/trivia/game/GameRepository.class]
2024-05-24T14:42:24.266-07:00 DEBUG 79649 --- [trivia] [           main] o.s.c.a.ClassPathBeanDefinitionScanner   : Identified candidate component class: file [/Users/elizabetheilbert/projects/trivia/triviav2/triviav2/backend/target/classes/com/libbi/trivia/game/GameServiceImpl.class]
2024-05-24T14:42:24.268-07:00 DEBUG 79649 --- [trivia] [           main] o.s.c.a.ClassPathBeanDefinitionScanner   : Ignored because not a concrete top-level class: file [/Users/elizabetheilbert/projects/trivia/triviav2/triviav2/backend/target/classes/com/libbi/trivia/question/QuestionRepository.class]
2024-05-24T14:42:24.269-07:00 DEBUG 79649 --- [trivia] [           main] o.s.c.a.ClassPathBeanDefinitionScanner   : Ignored because not a concrete top-level class: file [/Users/elizabetheilbert/projects/trivia/triviav2/triviav2/backend/target/classes/com/libbi/trivia/round/RoundRepository.class]
2024-05-24T14:42:24.270-07:00 DEBUG 79649 --- [trivia] [           main] o.s.c.a.ClassPathBeanDefinitionScanner   : Ignored because not a concrete top-level class: file [/Users/elizabetheilbert/projects/trivia/triviav2/triviav2/backend/target/classes/com/libbi/trivia/submission/SubmissionRepository.class]
2024-05-24T14:42:24.273-07:00 DEBUG 79649 --- [trivia] [           main] o.s.c.a.ClassPathBeanDefinitionScanner   : Identified candidate component class: file [/Users/elizabetheilbert/projects/trivia/triviav2/triviav2/backend/target/classes/com/libbi/trivia/team/TeamController.class]
2024-05-24T14:42:24.274-07:00 DEBUG 79649 --- [trivia] [           main] o.s.c.a.ClassPathBeanDefinitionScanner   : Identified candidate component class: file [/Users/elizabetheilbert/projects/trivia/triviav2/triviav2/backend/target/classes/com/libbi/trivia/team/TeamMapperImpl.class]
2024-05-24T14:42:24.274-07:00 DEBUG 79649 --- [trivia] [           main] o.s.c.a.ClassPathBeanDefinitionScanner   : Ignored because not a concrete top-level class: file [/Users/elizabetheilbert/projects/trivia/triviav2/triviav2/backend/target/classes/com/libbi/trivia/team/TeamRepository.class]
2024-05-24T14:42:24.276-07:00 DEBUG 79649 --- [trivia] [           main] o.s.c.a.ClassPathBeanDefinitionScanner   : Identified candidate component class: file [/Users/elizabetheilbert/projects/trivia/triviav2/triviav2/backend/target/classes/com/libbi/trivia/team/TeamServiceImpl.class]
2024-05-24T14:42:24.284-07:00 DEBUG 79649 --- [trivia] [           main] o.s.c.a.ClassPathBeanDefinitionScanner   : Identified candidate component class: file [/Users/elizabetheilbert/projects/trivia/triviav2/triviav2/backend/target/classes/com/libbi/trivia/user/UserMapperImpl.class]
2024-05-24T14:42:24.762-07:00  INFO 79649 --- [trivia] [           main] .s.d.r.c.RepositoryConfigurationDelegate : Bootstrapping Spring Data JPA repositories in DEFAULT mode.
2024-05-24T14:42:24.769-07:00 DEBUG 79649 --- [trivia] [           main] o.s.b.f.s.DefaultListableBeanFactory     : Creating shared instance of singleton bean 'org.springframework.boot.autoconfigure.AutoConfigurationPackages'
2024-05-24T14:42:24.775-07:00 DEBUG 79649 --- [trivia] [           main] o.s.b.a.AutoConfigurationPackages        : @EnableAutoConfiguration was declared on a class in the package 'com.libbi.trivia'. Automatic @Repository and @Entity scanning is enabled.
2024-05-24T14:42:24.777-07:00 DEBUG 79649 --- [trivia] [           main] .s.d.r.c.RepositoryConfigurationDelegate : Scanning for JPA repositories in packages com.libbi.trivia.
2024-05-24T14:42:24.790-07:00 DEBUG 79649 --- [trivia] [           main] o.s.d.r.c.RepositoryComponentProvider    : Identified candidate component class: file [/Users/elizabetheilbert/projects/trivia/triviav2/triviav2/backend/target/classes/com/libbi/trivia/game/GameRepository.class]
2024-05-24T14:42:24.791-07:00 DEBUG 79649 --- [trivia] [           main] o.s.d.r.c.RepositoryComponentProvider    : Identified candidate component class: file [/Users/elizabetheilbert/projects/trivia/triviav2/triviav2/backend/target/classes/com/libbi/trivia/question/QuestionRepository.class]
2024-05-24T14:42:24.791-07:00 DEBUG 79649 --- [trivia] [           main] o.s.d.r.c.RepositoryComponentProvider    : Identified candidate component class: file [/Users/elizabetheilbert/projects/trivia/triviav2/triviav2/backend/target/classes/com/libbi/trivia/round/RoundRepository.class]
2024-05-24T14:42:24.792-07:00 DEBUG 79649 --- [trivia] [           main] o.s.d.r.c.RepositoryComponentProvider    : Identified candidate component class: file [/Users/elizabetheilbert/projects/trivia/triviav2/triviav2/backend/target/classes/com/libbi/trivia/submission/SubmissionRepository.class]
2024-05-24T14:42:24.792-07:00 DEBUG 79649 --- [trivia] [           main] o.s.d.r.c.RepositoryComponentProvider    : Identified candidate component class: file [/Users/elizabetheilbert/projects/trivia/triviav2/triviav2/backend/target/classes/com/libbi/trivia/team/TeamRepository.class]
2024-05-24T14:42:24.793-07:00 DEBUG 79649 --- [trivia] [           main] o.s.d.r.c.RepositoryComponentProvider    : Identified candidate component class: file [/Users/elizabetheilbert/projects/trivia/triviav2/triviav2/backend/target/classes/com/libbi/trivia/token/TokenRepository.class]
2024-05-24T14:42:24.794-07:00 DEBUG 79649 --- [trivia] [           main] o.s.d.r.c.RepositoryComponentProvider    : Identified candidate component class: file [/Users/elizabetheilbert/projects/trivia/triviav2/triviav2/backend/target/classes/com/libbi/trivia/user/UserRepository.class]
2024-05-24T14:42:24.822-07:00 DEBUG 79649 --- [trivia] [           main] ssPathScanningCandidateComponentProvider : Identified candidate component class: file [/Users/elizabetheilbert/projects/trivia/triviav2/triviav2/backend/target/classes/com/libbi/trivia/game/GameServiceImpl.class]
2024-05-24T14:42:24.822-07:00 DEBUG 79649 --- [trivia] [           main] ssPathScanningCandidateComponentProvider : Identified candidate component class: file [/Users/elizabetheilbert/projects/trivia/triviav2/triviav2/backend/target/classes/com/libbi/trivia/team/TeamMapperImpl.class]
2024-05-24T14:42:24.822-07:00 DEBUG 79649 --- [trivia] [           main] ssPathScanningCandidateComponentProvider : Identified candidate component class: file [/Users/elizabetheilbert/projects/trivia/triviav2/triviav2/backend/target/classes/com/libbi/trivia/team/TeamServiceImpl.class]
2024-05-24T14:42:24.822-07:00 DEBUG 79649 --- [trivia] [           main] ssPathScanningCandidateComponentProvider : Identified candidate component class: file [/Users/elizabetheilbert/projects/trivia/triviav2/triviav2/backend/target/classes/com/libbi/trivia/user/UserMapperImpl.class]
2024-05-24T14:42:24.840-07:00  INFO 79649 --- [trivia] [           main] .s.d.r.c.RepositoryConfigurationDelegate : Finished Spring Data repository scanning in 62 ms. Found 7 JPA repository interfaces.
2024-05-24T14:42:24.944-07:00 DEBUG 79649 --- [trivia] [           main] o.s.b.f.s.DefaultListableBeanFactory     : Creating shared instance of singleton bean 'springSecurityHandlerMappingIntrospectorBeanDefinitionRegistryPostProcessor'
2024-05-24T14:42:25.030-07:00 DEBUG 79649 --- [trivia] [           main] o.s.b.f.s.DefaultListableBeanFactory     : Creating shared instance of singleton bean 'propertySourcesPlaceholderConfigurer'
2024-05-24T14:42:25.034-07:00 DEBUG 79649 --- [trivia] [           main] o.s.b.f.s.DefaultListableBeanFactory     : Creating shared instance of singleton bean 'org.springframework.boot.test.mock.mockito.MockitoPostProcessor'
2024-05-24T14:42:25.036-07:00 DEBUG 79649 --- [trivia] [           main] o.s.b.f.s.DefaultListableBeanFactory     : Creating shared instance of singleton bean 'emBeanDefinitionRegistrarPostProcessor'
2024-05-24T14:42:25.036-07:00 DEBUG 79649 --- [trivia] [           main] o.s.b.f.s.DefaultListableBeanFactory     : Creating shared instance of singleton bean 'org.springframework.boot.sql.init.dependency.DatabaseInitializationDependencyConfigurer$DependsOnDatabaseInitializationPostProcessor'
2024-05-24T14:42:25.076-07:00 DEBUG 79649 --- [trivia] [           main] o.s.b.f.s.DefaultListableBeanFactory     : Creating shared instance of singleton bean 'org.springframework.context.event.internalEventListenerProcessor'
2024-05-24T14:42:25.077-07:00 DEBUG 79649 --- [trivia] [           main] o.s.b.f.s.DefaultListableBeanFactory     : Creating shared instance of singleton bean 'conversionServicePostProcessor'
2024-05-24T14:42:25.084-07:00 DEBUG 79649 --- [trivia] [           main] o.s.b.f.s.DefaultListableBeanFactory     : Creating shared instance of singleton bean 'preserveErrorControllerTargetClassPostProcessor'
2024-05-24T14:42:25.085-07:00 DEBUG 79649 --- [trivia] [           main] o.s.b.f.s.DefaultListableBeanFactory     : Creating shared instance of singleton bean 'org.springframework.context.event.internalEventListenerFactory'
2024-05-24T14:42:25.085-07:00 DEBUG 79649 --- [trivia] [           main] o.s.b.f.s.DefaultListableBeanFactory     : Creating shared instance of singleton bean 'org.springframework.transaction.config.internalTransactionalEventListenerFactory'
2024-05-24T14:42:25.088-07:00 DEBUG 79649 --- [trivia] [           main] o.s.b.f.s.DefaultListableBeanFactory     : Creating shared instance of singleton bean 'org.springframework.boot.test.mock.mockito.MockitoPostProcessor$SpyPostProcessor'
2024-05-24T14:42:25.089-07:00 DEBUG 79649 --- [trivia] [           main] o.s.b.f.s.DefaultListableBeanFactory     : Creating shared instance of singleton bean 'org.springframework.context.annotation.internalAutowiredAnnotationProcessor'
2024-05-24T14:42:25.091-07:00 DEBUG 79649 --- [trivia] [           main] o.s.b.f.s.DefaultListableBeanFactory     : Creating shared instance of singleton bean 'org.springframework.context.annotation.internalCommonAnnotationProcessor'
2024-05-24T14:42:25.093-07:00 DEBUG 79649 --- [trivia] [           main] o.s.b.f.s.DefaultListableBeanFactory     : Creating shared instance of singleton bean 'org.springframework.context.annotation.internalPersistenceAnnotationProcessor'
2024-05-24T14:42:25.094-07:00 DEBUG 79649 --- [trivia] [           main] o.s.b.f.s.DefaultListableBeanFactory     : Creating shared instance of singleton bean 'org.springframework.boot.context.properties.ConfigurationPropertiesBindingPostProcessor'
2024-05-24T14:42:25.094-07:00 DEBUG 79649 --- [trivia] [           main] o.s.b.f.s.DefaultListableBeanFactory     : Creating shared instance of singleton bean 'org.springframework.boot.context.internalConfigurationPropertiesBinder'
2024-05-24T14:42:25.096-07:00 DEBUG 79649 --- [trivia] [           main] o.s.b.f.s.DefaultListableBeanFactory     : Creating shared instance of singleton bean 'jdbcConnectionDetailsHikariBeanPostProcessor'
2024-05-24T14:42:25.099-07:00 DEBUG 79649 --- [trivia] [           main] o.s.b.f.s.DefaultListableBeanFactory     : Creating shared instance of singleton bean 'org.springframework.aop.config.internalAutoProxyCreator'
2024-05-24T14:42:25.113-07:00 DEBUG 79649 --- [trivia] [           main] o.s.b.f.s.DefaultListableBeanFactory     : Creating shared instance of singleton bean 'persistenceExceptionTranslationPostProcessor'
2024-05-24T14:42:25.125-07:00 DEBUG 79649 --- [trivia] [           main] o.s.b.f.s.DefaultListableBeanFactory     : Autowiring by type from bean name 'persistenceExceptionTranslationPostProcessor' via factory method to bean named 'environment'
2024-05-24T14:42:25.129-07:00 DEBUG 79649 --- [trivia] [           main] o.s.b.f.s.DefaultListableBeanFactory     : Creating shared instance of singleton bean 'webServerFactoryCustomizerBeanPostProcessor'
2024-05-24T14:42:25.130-07:00 DEBUG 79649 --- [trivia] [           main] o.s.b.f.s.DefaultListableBeanFactory     : Creating shared instance of singleton bean 'errorPageRegistrarBeanPostProcessor'
2024-05-24T14:42:25.130-07:00 DEBUG 79649 --- [trivia] [           main] o.s.b.f.s.DefaultListableBeanFactory     : Creating shared instance of singleton bean 'projectingArgumentResolverBeanPostProcessor'
2024-05-24T14:42:25.131-07:00 DEBUG 79649 --- [trivia] [           main] o.s.b.f.s.DefaultListableBeanFactory     : Creating shared instance of singleton bean 'org.springframework.transaction.config.internalTransactionAdvisor'
2024-05-24T14:42:25.131-07:00 DEBUG 79649 --- [trivia] [           main] o.s.b.f.s.DefaultListableBeanFactory     : Creating shared instance of singleton bean 'org.springframework.transaction.annotation.ProxyTransactionManagementConfiguration'
2024-05-24T14:42:25.142-07:00 DEBUG 79649 --- [trivia] [           main] o.s.b.f.s.DefaultListableBeanFactory     : Creating shared instance of singleton bean 'transactionAttributeSource'
2024-05-24T14:42:25.144-07:00 DEBUG 79649 --- [trivia] [           main] o.s.b.f.s.DefaultListableBeanFactory     : Creating shared instance of singleton bean 'transactionInterceptor'
2024-05-24T14:42:25.144-07:00 DEBUG 79649 --- [trivia] [           main] o.s.b.f.s.DefaultListableBeanFactory     : Autowiring by type from bean name 'transactionInterceptor' via factory method to bean named 'transactionAttributeSource'
2024-05-24T14:42:25.148-07:00 DEBUG 79649 --- [trivia] [           main] o.s.b.f.s.DefaultListableBeanFactory     : Autowiring by type from bean name 'org.springframework.transaction.config.internalTransactionAdvisor' via factory method to bean named 'transactionAttributeSource'
2024-05-24T14:42:25.149-07:00 DEBUG 79649 --- [trivia] [           main] o.s.b.f.s.DefaultListableBeanFactory     : Autowiring by type from bean name 'org.springframework.transaction.config.internalTransactionAdvisor' via factory method to bean named 'transactionInterceptor'
2024-05-24T14:42:25.165-07:00 DEBUG 79649 --- [trivia] [           main] o.s.u.c.s.UiApplicationContextUtils      : Unable to locate ThemeSource with name 'themeSource': using default [org.springframework.ui.context.support.ResourceBundleThemeSource@228bda54]
2024-05-24T14:42:25.166-07:00 DEBUG 79649 --- [trivia] [           main] o.s.b.f.s.DefaultListableBeanFactory     : Creating shared instance of singleton bean 'dataSourceScriptDatabaseInitializer'
2024-05-24T14:42:25.166-07:00 DEBUG 79649 --- [trivia] [           main] o.s.b.f.s.DefaultListableBeanFactory     : Creating shared instance of singleton bean 'org.springframework.boot.autoconfigure.sql.init.DataSourceInitializationConfiguration'
2024-05-24T14:42:25.168-07:00 DEBUG 79649 --- [trivia] [           main] o.s.b.f.s.DefaultListableBeanFactory     : Creating shared instance of singleton bean 'dataSource'
2024-05-24T14:42:25.168-07:00 DEBUG 79649 --- [trivia] [           main] o.s.b.f.s.DefaultListableBeanFactory     : Creating shared instance of singleton bean 'org.springframework.boot.autoconfigure.jdbc.DataSourceConfiguration$Hikari'
2024-05-24T14:42:25.169-07:00 DEBUG 79649 --- [trivia] [           main] o.s.b.f.s.DefaultListableBeanFactory     : Creating shared instance of singleton bean 'spring.datasource-org.springframework.boot.autoconfigure.jdbc.DataSourceProperties'
2024-05-24T14:42:25.171-07:00 DEBUG 79649 --- [trivia] [           main] o.s.b.f.s.DefaultListableBeanFactory     : Creating shared instance of singleton bean 'org.springframework.boot.context.properties.BoundConfigurationProperties'
2024-05-24T14:42:25.188-07:00 DEBUG 79649 --- [trivia] [           main] o.s.b.f.s.DefaultListableBeanFactory     : Creating shared instance of singleton bean 'jdbcConnectionDetails'
2024-05-24T14:42:25.188-07:00 DEBUG 79649 --- [trivia] [           main] o.s.b.f.s.DefaultListableBeanFactory     : Creating shared instance of singleton bean 'org.springframework.boot.autoconfigure.jdbc.DataSourceAutoConfiguration$PooledDataSourceConfiguration'
2024-05-24T14:42:25.189-07:00 DEBUG 79649 --- [trivia] [           main] o.s.b.f.s.DefaultListableBeanFactory     : Autowiring by type from bean name 'jdbcConnectionDetails' via factory method to bean named 'spring.datasource-org.springframework.boot.autoconfigure.jdbc.DataSourceProperties'
2024-05-24T14:42:25.190-07:00 DEBUG 79649 --- [trivia] [           main] o.s.b.f.s.DefaultListableBeanFactory     : Autowiring by type from bean name 'dataSource' via factory method to bean named 'spring.datasource-org.springframework.boot.autoconfigure.jdbc.DataSourceProperties'
2024-05-24T14:42:25.190-07:00 DEBUG 79649 --- [trivia] [           main] o.s.b.f.s.DefaultListableBeanFactory     : Autowiring by type from bean name 'dataSource' via factory method to bean named 'jdbcConnectionDetails'
2024-05-24T14:42:25.211-07:00 DEBUG 79649 --- [trivia] [           main] o.s.b.f.s.DefaultListableBeanFactory     : Creating shared instance of singleton bean 'spring.sql.init-org.springframework.boot.autoconfigure.sql.init.SqlInitializationProperties'
2024-05-24T14:42:25.215-07:00 DEBUG 79649 --- [trivia] [           main] o.s.b.f.s.DefaultListableBeanFactory     : Autowiring by type from bean name 'dataSourceScriptDatabaseInitializer' via factory method to bean named 'dataSource'
2024-05-24T14:42:25.215-07:00 DEBUG 79649 --- [trivia] [           main] o.s.b.f.s.DefaultListableBeanFactory     : Autowiring by type from bean name 'dataSourceScriptDatabaseInitializer' via factory method to bean named 'spring.sql.init-org.springframework.boot.autoconfigure.sql.init.SqlInitializationProperties'
2024-05-24T14:42:25.219-07:00 DEBUG 79649 --- [trivia] [           main] o.s.b.f.s.DefaultListableBeanFactory     : Creating shared instance of singleton bean 'entityManagerFactory'
2024-05-24T14:42:25.220-07:00 DEBUG 79649 --- [trivia] [           main] o.s.b.f.s.DefaultListableBeanFactory     : Creating shared instance of singleton bean 'org.springframework.boot.autoconfigure.orm.jpa.HibernateJpaConfiguration'
2024-05-24T14:42:25.221-07:00 DEBUG 79649 --- [trivia] [           main] o.s.b.f.s.DefaultListableBeanFactory     : Creating shared instance of singleton bean 'spring.jpa-org.springframework.boot.autoconfigure.orm.jpa.JpaProperties'
2024-05-24T14:42:25.224-07:00 DEBUG 79649 --- [trivia] [           main] o.s.b.f.s.DefaultListableBeanFactory     : Creating shared instance of singleton bean 'spring.jpa.hibernate-org.springframework.boot.autoconfigure.orm.jpa.HibernateProperties'
2024-05-24T14:42:25.226-07:00 DEBUG 79649 --- [trivia] [           main] o.s.b.f.s.DefaultListableBeanFactory     : Autowiring by type from bean name 'org.springframework.boot.autoconfigure.orm.jpa.HibernateJpaConfiguration' via constructor to bean named 'dataSource'
2024-05-24T14:42:25.226-07:00 DEBUG 79649 --- [trivia] [           main] o.s.b.f.s.DefaultListableBeanFactory     : Autowiring by type from bean name 'org.springframework.boot.autoconfigure.orm.jpa.HibernateJpaConfiguration' via constructor to bean named 'spring.jpa-org.springframework.boot.autoconfigure.orm.jpa.JpaProperties'
2024-05-24T14:42:25.226-07:00 DEBUG 79649 --- [trivia] [           main] o.s.b.f.s.DefaultListableBeanFactory     : Autowiring by type from bean name 'org.springframework.boot.autoconfigure.orm.jpa.HibernateJpaConfiguration' via constructor to bean named 'org.springframework.beans.factory.support.DefaultListableBeanFactory@64d7b720'
2024-05-24T14:42:25.226-07:00 DEBUG 79649 --- [trivia] [           main] o.s.b.f.s.DefaultListableBeanFactory     : Autowiring by type from bean name 'org.springframework.boot.autoconfigure.orm.jpa.HibernateJpaConfiguration' via constructor to bean named 'spring.jpa.hibernate-org.springframework.boot.autoconfigure.orm.jpa.HibernateProperties'
2024-05-24T14:42:25.228-07:00 DEBUG 79649 --- [trivia] [           main] o.s.b.f.s.DefaultListableBeanFactory     : Creating shared instance of singleton bean 'hikariPoolDataSourceMetadataProvider'
2024-05-24T14:42:25.228-07:00 DEBUG 79649 --- [trivia] [           main] o.s.b.f.s.DefaultListableBeanFactory     : Creating shared instance of singleton bean 'org.springframework.boot.autoconfigure.jdbc.metadata.DataSourcePoolMetadataProvidersConfiguration$HikariPoolDataSourceMetadataProviderConfiguration'
2024-05-24T14:42:25.234-07:00 DEBUG 79649 --- [trivia] [           main] o.s.b.f.s.DefaultListableBeanFactory     : Creating shared instance of singleton bean 'entityManagerFactoryBuilder'
2024-05-24T14:42:25.235-07:00 DEBUG 79649 --- [trivia] [           main] o.s.b.f.s.DefaultListableBeanFactory     : Creating shared instance of singleton bean 'jpaVendorAdapter'
2024-05-24T14:42:25.245-07:00 DEBUG 79649 --- [trivia] [           main] o.s.b.f.s.DefaultListableBeanFactory     : Autowiring by type from bean name 'entityManagerFactoryBuilder' via factory method to bean named 'jpaVendorAdapter'
2024-05-24T14:42:25.248-07:00 DEBUG 79649 --- [trivia] [           main] o.s.b.f.s.DefaultListableBeanFactory     : Creating shared instance of singleton bean 'persistenceManagedTypes'
2024-05-24T14:42:25.249-07:00 DEBUG 79649 --- [trivia] [           main] o.s.b.f.s.DefaultListableBeanFactory     : Autowiring by type from bean name 'persistenceManagedTypes' via factory method to bean named 'org.springframework.beans.factory.support.DefaultListableBeanFactory@64d7b720'
2024-05-24T14:42:25.250-07:00 DEBUG 79649 --- [trivia] [           main] o.s.b.f.s.DefaultListableBeanFactory     : Autowiring by type from bean name 'persistenceManagedTypes' via factory method to bean named 'org.springframework.web.context.support.GenericWebApplicationContext@4cc547a'
2024-05-24T14:42:25.257-07:00 DEBUG 79649 --- [trivia] [           main] o.s.b.f.s.DefaultListableBeanFactory     : Autowiring by type from bean name 'entityManagerFactory' via factory method to bean named 'entityManagerFactoryBuilder'
2024-05-24T14:42:25.258-07:00 DEBUG 79649 --- [trivia] [           main] o.s.b.f.s.DefaultListableBeanFactory     : Autowiring by type from bean name 'entityManagerFactory' via factory method to bean named 'persistenceManagedTypes'
2024-05-24T14:42:25.270-07:00 DEBUG 79649 --- [trivia] [           main] j.LocalContainerEntityManagerFactoryBean : Building JPA container EntityManagerFactory for persistence unit 'default'
2024-05-24T14:42:25.282-07:00  INFO 79649 --- [trivia] [           main] o.hibernate.jpa.internal.util.LogHelper  : HHH000204: Processing PersistenceUnitInfo [name: default]
2024-05-24T14:42:25.324-07:00  INFO 79649 --- [trivia] [           main] org.hibernate.Version                    : HHH000412: Hibernate ORM core version 6.4.4.Final
2024-05-24T14:42:25.360-07:00  INFO 79649 --- [trivia] [           main] o.h.c.internal.RegionFactoryInitiator    : HHH000026: Second-level cache disabled
2024-05-24T14:42:25.535-07:00  INFO 79649 --- [trivia] [           main] o.s.o.j.p.SpringPersistenceUnitInfo      : No LoadTimeWeaver setup: ignoring JPA class transformer
2024-05-24T14:42:25.557-07:00  INFO 79649 --- [trivia] [           main] com.zaxxer.hikari.HikariDataSource       : HikariPool-1 - Starting...
2024-05-24T14:42:25.658-07:00  INFO 79649 --- [trivia] [           main] com.zaxxer.hikari.pool.HikariPool        : HikariPool-1 - Added connection org.postgresql.jdbc.PgConnection@3855d9b2
2024-05-24T14:42:25.659-07:00  INFO 79649 --- [trivia] [           main] com.zaxxer.hikari.HikariDataSource       : HikariPool-1 - Start completed.
2024-05-24T14:42:26.757-07:00  INFO 79649 --- [trivia] [           main] o.h.e.t.j.p.i.JtaPlatformInitiator       : HHH000489: No JTA platform available (set 'hibernate.transaction.jta.platform' to enable JTA platform integration)
2024-05-24T14:42:26.773-07:00  WARN 79649 --- [trivia] [           main] o.h.engine.jdbc.spi.SqlExceptionHelper   : SQL Warning Code: 0, SQLState: 00000
2024-05-24T14:42:26.773-07:00  WARN 79649 --- [trivia] [           main] o.h.engine.jdbc.spi.SqlExceptionHelper   : relation "_user" does not exist, skipping
2024-05-24T14:42:26.774-07:00  WARN 79649 --- [trivia] [           main] o.h.engine.jdbc.spi.SqlExceptionHelper   : SQL Warning Code: 0, SQLState: 00000
2024-05-24T14:42:26.774-07:00  WARN 79649 --- [trivia] [           main] o.h.engine.jdbc.spi.SqlExceptionHelper   : relation "answer" does not exist, skipping
2024-05-24T14:42:26.775-07:00  WARN 79649 --- [trivia] [           main] o.h.engine.jdbc.spi.SqlExceptionHelper   : SQL Warning Code: 0, SQLState: 00000
2024-05-24T14:42:26.775-07:00  WARN 79649 --- [trivia] [           main] o.h.engine.jdbc.spi.SqlExceptionHelper   : relation "question" does not exist, skipping
2024-05-24T14:42:26.776-07:00  WARN 79649 --- [trivia] [           main] o.h.engine.jdbc.spi.SqlExceptionHelper   : SQL Warning Code: 0, SQLState: 00000
2024-05-24T14:42:26.776-07:00  WARN 79649 --- [trivia] [           main] o.h.engine.jdbc.spi.SqlExceptionHelper   : relation "question" does not exist, skipping
2024-05-24T14:42:26.776-07:00  WARN 79649 --- [trivia] [           main] o.h.engine.jdbc.spi.SqlExceptionHelper   : SQL Warning Code: 0, SQLState: 00000
2024-05-24T14:42:26.777-07:00  WARN 79649 --- [trivia] [           main] o.h.engine.jdbc.spi.SqlExceptionHelper   : relation "round" does not exist, skipping
2024-05-24T14:42:26.778-07:00  WARN 79649 --- [trivia] [           main] o.h.engine.jdbc.spi.SqlExceptionHelper   : SQL Warning Code: 0, SQLState: 00000
2024-05-24T14:42:26.778-07:00  WARN 79649 --- [trivia] [           main] o.h.engine.jdbc.spi.SqlExceptionHelper   : relation "round_tags" does not exist, skipping
2024-05-24T14:42:26.779-07:00  WARN 79649 --- [trivia] [           main] o.h.engine.jdbc.spi.SqlExceptionHelper   : SQL Warning Code: 0, SQLState: 00000
2024-05-24T14:42:26.780-07:00  WARN 79649 --- [trivia] [           main] o.h.engine.jdbc.spi.SqlExceptionHelper   : relation "submission" does not exist, skipping
2024-05-24T14:42:26.781-07:00  WARN 79649 --- [trivia] [           main] o.h.engine.jdbc.spi.SqlExceptionHelper   : SQL Warning Code: 0, SQLState: 00000
2024-05-24T14:42:26.781-07:00  WARN 79649 --- [trivia] [           main] o.h.engine.jdbc.spi.SqlExceptionHelper   : relation "submission" does not exist, skipping
2024-05-24T14:42:26.782-07:00  WARN 79649 --- [trivia] [           main] o.h.engine.jdbc.spi.SqlExceptionHelper   : SQL Warning Code: 0, SQLState: 00000
2024-05-24T14:42:26.782-07:00  WARN 79649 --- [trivia] [           main] o.h.engine.jdbc.spi.SqlExceptionHelper   : relation "submitted_answers" does not exist, skipping
2024-05-24T14:42:26.783-07:00  WARN 79649 --- [trivia] [           main] o.h.engine.jdbc.spi.SqlExceptionHelper   : SQL Warning Code: 0, SQLState: 00000
2024-05-24T14:42:26.783-07:00  WARN 79649 --- [trivia] [           main] o.h.engine.jdbc.spi.SqlExceptionHelper   : relation "team" does not exist, skipping
2024-05-24T14:42:26.783-07:00  WARN 79649 --- [trivia] [           main] o.h.engine.jdbc.spi.SqlExceptionHelper   : SQL Warning Code: 0, SQLState: 00000
2024-05-24T14:42:26.783-07:00  WARN 79649 --- [trivia] [           main] o.h.engine.jdbc.spi.SqlExceptionHelper   : relation "token" does not exist, skipping
2024-05-24T14:42:26.784-07:00  WARN 79649 --- [trivia] [           main] o.h.engine.jdbc.spi.SqlExceptionHelper   : SQL Warning Code: 0, SQLState: 00000
2024-05-24T14:42:26.784-07:00  WARN 79649 --- [trivia] [           main] o.h.engine.jdbc.spi.SqlExceptionHelper   : table "_user" does not exist, skipping
2024-05-24T14:42:26.784-07:00  WARN 79649 --- [trivia] [           main] o.h.engine.jdbc.spi.SqlExceptionHelper   : SQL Warning Code: 0, SQLState: 00000
2024-05-24T14:42:26.784-07:00  WARN 79649 --- [trivia] [           main] o.h.engine.jdbc.spi.SqlExceptionHelper   : table "answer" does not exist, skipping
2024-05-24T14:42:26.785-07:00  WARN 79649 --- [trivia] [           main] o.h.engine.jdbc.spi.SqlExceptionHelper   : SQL Warning Code: 0, SQLState: 00000
2024-05-24T14:42:26.785-07:00  WARN 79649 --- [trivia] [           main] o.h.engine.jdbc.spi.SqlExceptionHelper   : table "game" does not exist, skipping
2024-05-24T14:42:26.785-07:00  WARN 79649 --- [trivia] [           main] o.h.engine.jdbc.spi.SqlExceptionHelper   : SQL Warning Code: 0, SQLState: 00000
2024-05-24T14:42:26.786-07:00  WARN 79649 --- [trivia] [           main] o.h.engine.jdbc.spi.SqlExceptionHelper   : table "question" does not exist, skipping
2024-05-24T14:42:26.786-07:00  WARN 79649 --- [trivia] [           main] o.h.engine.jdbc.spi.SqlExceptionHelper   : SQL Warning Code: 0, SQLState: 00000
2024-05-24T14:42:26.786-07:00  WARN 79649 --- [trivia] [           main] o.h.engine.jdbc.spi.SqlExceptionHelper   : table "round" does not exist, skipping
2024-05-24T14:42:26.787-07:00  WARN 79649 --- [trivia] [           main] o.h.engine.jdbc.spi.SqlExceptionHelper   : SQL Warning Code: 0, SQLState: 00000
2024-05-24T14:42:26.787-07:00  WARN 79649 --- [trivia] [           main] o.h.engine.jdbc.spi.SqlExceptionHelper   : table "round_tags" does not exist, skipping
2024-05-24T14:42:26.787-07:00  WARN 79649 --- [trivia] [           main] o.h.engine.jdbc.spi.SqlExceptionHelper   : SQL Warning Code: 0, SQLState: 00000
2024-05-24T14:42:26.787-07:00  WARN 79649 --- [trivia] [           main] o.h.engine.jdbc.spi.SqlExceptionHelper   : table "submission" does not exist, skipping
2024-05-24T14:42:26.788-07:00  WARN 79649 --- [trivia] [           main] o.h.engine.jdbc.spi.SqlExceptionHelper   : SQL Warning Code: 0, SQLState: 00000
2024-05-24T14:42:26.788-07:00  WARN 79649 --- [trivia] [           main] o.h.engine.jdbc.spi.SqlExceptionHelper   : table "submitted_answers" does not exist, skipping
2024-05-24T14:42:26.788-07:00  WARN 79649 --- [trivia] [           main] o.h.engine.jdbc.spi.SqlExceptionHelper   : SQL Warning Code: 0, SQLState: 00000
2024-05-24T14:42:26.789-07:00  WARN 79649 --- [trivia] [           main] o.h.engine.jdbc.spi.SqlExceptionHelper   : table "team" does not exist, skipping
2024-05-24T14:42:26.789-07:00  WARN 79649 --- [trivia] [           main] o.h.engine.jdbc.spi.SqlExceptionHelper   : SQL Warning Code: 0, SQLState: 00000
2024-05-24T14:42:26.789-07:00  WARN 79649 --- [trivia] [           main] o.h.engine.jdbc.spi.SqlExceptionHelper   : table "token" does not exist, skipping
2024-05-24T14:42:26.790-07:00  WARN 79649 --- [trivia] [           main] o.h.engine.jdbc.spi.SqlExceptionHelper   : SQL Warning Code: 0, SQLState: 00000
2024-05-24T14:42:26.790-07:00  WARN 79649 --- [trivia] [           main] o.h.engine.jdbc.spi.SqlExceptionHelper   : sequence "answer_sequence" does not exist, skipping
2024-05-24T14:42:26.791-07:00  WARN 79649 --- [trivia] [           main] o.h.engine.jdbc.spi.SqlExceptionHelper   : SQL Warning Code: 0, SQLState: 00000
2024-05-24T14:42:26.791-07:00  WARN 79649 --- [trivia] [           main] o.h.engine.jdbc.spi.SqlExceptionHelper   : sequence "game_sequence" does not exist, skipping
2024-05-24T14:42:26.791-07:00  WARN 79649 --- [trivia] [           main] o.h.engine.jdbc.spi.SqlExceptionHelper   : SQL Warning Code: 0, SQLState: 00000
2024-05-24T14:42:26.791-07:00  WARN 79649 --- [trivia] [           main] o.h.engine.jdbc.spi.SqlExceptionHelper   : sequence "question_sequence" does not exist, skipping
2024-05-24T14:42:26.792-07:00  WARN 79649 --- [trivia] [           main] o.h.engine.jdbc.spi.SqlExceptionHelper   : SQL Warning Code: 0, SQLState: 00000
2024-05-24T14:42:26.792-07:00  WARN 79649 --- [trivia] [           main] o.h.engine.jdbc.spi.SqlExceptionHelper   : sequence "round_sequence" does not exist, skipping
2024-05-24T14:42:26.792-07:00  WARN 79649 --- [trivia] [           main] o.h.engine.jdbc.spi.SqlExceptionHelper   : SQL Warning Code: 0, SQLState: 00000
2024-05-24T14:42:26.792-07:00  WARN 79649 --- [trivia] [           main] o.h.engine.jdbc.spi.SqlExceptionHelper   : sequence "submission_sequence" does not exist, skipping
2024-05-24T14:42:26.793-07:00  WARN 79649 --- [trivia] [           main] o.h.engine.jdbc.spi.SqlExceptionHelper   : SQL Warning Code: 0, SQLState: 00000
2024-05-24T14:42:26.793-07:00  WARN 79649 --- [trivia] [           main] o.h.engine.jdbc.spi.SqlExceptionHelper   : sequence "team_sequence" does not exist, skipping
2024-05-24T14:42:26.794-07:00  WARN 79649 --- [trivia] [           main] o.h.engine.jdbc.spi.SqlExceptionHelper   : SQL Warning Code: 0, SQLState: 00000
2024-05-24T14:42:26.794-07:00  WARN 79649 --- [trivia] [           main] o.h.engine.jdbc.spi.SqlExceptionHelper   : sequence "token_seq" does not exist, skipping
2024-05-24T14:42:26.794-07:00  WARN 79649 --- [trivia] [           main] o.h.engine.jdbc.spi.SqlExceptionHelper   : SQL Warning Code: 0, SQLState: 00000
2024-05-24T14:42:26.794-07:00  WARN 79649 --- [trivia] [           main] o.h.engine.jdbc.spi.SqlExceptionHelper   : sequence "user_sequence" does not exist, skipping
2024-05-24T14:42:26.871-07:00  INFO 79649 --- [trivia] [           main] j.LocalContainerEntityManagerFactoryBean : Initialized JPA EntityManagerFactory for persistence unit 'default'
2024-05-24T14:42:26.874-07:00 DEBUG 79649 --- [trivia] [           main] o.s.b.f.s.DefaultListableBeanFactory     : Creating shared instance of singleton bean 'triviaApplication'
2024-05-24T14:42:26.875-07:00 DEBUG 79649 --- [trivia] [           main] o.s.b.f.s.DefaultListableBeanFactory     : Creating shared instance of singleton bean 'seeder'
2024-05-24T14:42:26.877-07:00 DEBUG 79649 --- [trivia] [           main] o.s.b.f.s.DefaultListableBeanFactory     : Creating shared instance of singleton bean 'roundRepository'
2024-05-24T14:42:26.884-07:00 DEBUG 79649 --- [trivia] [           main] o.s.b.f.s.DefaultListableBeanFactory     : Creating shared instance of singleton bean 'jpa.named-queries#6'
2024-05-24T14:42:26.886-07:00 DEBUG 79649 --- [trivia] [           main] o.s.b.f.s.DefaultListableBeanFactory     : Creating shared instance of singleton bean 'jpa.RoundRepository.fragments#0'
2024-05-24T14:42:26.891-07:00 DEBUG 79649 --- [trivia] [           main] o.s.b.f.s.DefaultListableBeanFactory     : Creating shared instance of singleton bean 'jpaSharedEM_entityManagerFactory'
2024-05-24T14:42:26.916-07:00 DEBUG 79649 --- [trivia] [           main] o.s.b.f.s.DefaultListableBeanFactory     : Creating shared instance of singleton bean 'jpaMappingContext'
2024-05-24T14:42:26.916-07:00 DEBUG 79649 --- [trivia] [           main] .c.JpaMetamodelMappingContextFactoryBean : Initializing JpaMetamodelMappingContext…
2024-05-24T14:42:26.926-07:00 DEBUG 79649 --- [trivia] [           main] .c.JpaMetamodelMappingContextFactoryBean : Finished initializing JpaMetamodelMappingContext
2024-05-24T14:42:26.953-07:00 DEBUG 79649 --- [trivia] [           main] tor$SharedEntityManagerInvocationHandler : Creating new EntityManager for shared EntityManager invocation
2024-05-24T14:42:26.979-07:00 DEBUG 79649 --- [trivia] [           main] tor$SharedEntityManagerInvocationHandler : Creating new EntityManager for shared EntityManager invocation
2024-05-24T14:42:27.053-07:00 DEBUG 79649 --- [trivia] [           main] o.s.d.r.c.s.RepositoryFactorySupport     : Initializing repository instance for com.libbi.trivia.round.RoundRepository…
2024-05-24T14:42:27.066-07:00 DEBUG 79649 --- [trivia] [           main] tor$SharedEntityManagerInvocationHandler : Creating new EntityManager for shared EntityManager invocation
2024-05-24T14:42:27.088-07:00 DEBUG 79649 --- [trivia] [           main] o.s.d.r.c.s.RepositoryFactorySupport     : Finished creation of repository instance for com.libbi.trivia.round.RoundRepository.
2024-05-24T14:42:27.092-07:00 DEBUG 79649 --- [trivia] [           main] o.s.b.f.s.DefaultListableBeanFactory     : Creating shared instance of singleton bean 'teamRepository'
2024-05-24T14:42:27.093-07:00 DEBUG 79649 --- [trivia] [           main] o.s.b.f.s.DefaultListableBeanFactory     : Creating shared instance of singleton bean 'jpa.named-queries#5'
2024-05-24T14:42:27.094-07:00 DEBUG 79649 --- [trivia] [           main] o.s.b.f.s.DefaultListableBeanFactory     : Creating shared instance of singleton bean 'jpa.TeamRepository.fragments#0'
2024-05-24T14:42:27.095-07:00 DEBUG 79649 --- [trivia] [           main] tor$SharedEntityManagerInvocationHandler : Creating new EntityManager for shared EntityManager invocation
2024-05-24T14:42:27.095-07:00 DEBUG 79649 --- [trivia] [           main] o.s.d.r.c.s.RepositoryFactorySupport     : Initializing repository instance for com.libbi.trivia.team.TeamRepository…
2024-05-24T14:42:27.096-07:00 DEBUG 79649 --- [trivia] [           main] tor$SharedEntityManagerInvocationHandler : Creating new EntityManager for shared EntityManager invocation
2024-05-24T14:42:27.114-07:00 DEBUG 79649 --- [trivia] [           main] o.s.d.jpa.repository.query.NamedQuery    : Looking up named query Team.findByIdAndDeletedFalse
2024-05-24T14:42:27.116-07:00 DEBUG 79649 --- [trivia] [           main] o.s.d.jpa.repository.query.NamedQuery    : Did not find named query Team.findByIdAndDeletedFalse
2024-05-24T14:42:27.118-07:00 DEBUG 79649 --- [trivia] [           main] tor$SharedEntityManagerInvocationHandler : Creating new EntityManager for shared EntityManager invocation
2024-05-24T14:42:27.162-07:00 DEBUG 79649 --- [trivia] [           main] o.s.d.r.c.s.RepositoryFactorySupport     : Finished creation of repository instance for com.libbi.trivia.team.TeamRepository.
2024-05-24T14:42:27.163-07:00 DEBUG 79649 --- [trivia] [           main] o.s.b.f.s.DefaultListableBeanFactory     : Creating shared instance of singleton bean 'questionRepository'
2024-05-24T14:42:27.164-07:00 DEBUG 79649 --- [trivia] [           main] o.s.b.f.s.DefaultListableBeanFactory     : Creating shared instance of singleton bean 'jpa.named-queries#4'
2024-05-24T14:42:27.165-07:00 DEBUG 79649 --- [trivia] [           main] o.s.b.f.s.DefaultListableBeanFactory     : Creating shared instance of singleton bean 'jpa.QuestionRepository.fragments#0'
2024-05-24T14:42:27.166-07:00 DEBUG 79649 --- [trivia] [           main] tor$SharedEntityManagerInvocationHandler : Creating new EntityManager for shared EntityManager invocation
2024-05-24T14:42:27.166-07:00 DEBUG 79649 --- [trivia] [           main] o.s.d.r.c.s.RepositoryFactorySupport     : Initializing repository instance for com.libbi.trivia.question.QuestionRepository…
2024-05-24T14:42:27.166-07:00 DEBUG 79649 --- [trivia] [           main] tor$SharedEntityManagerInvocationHandler : Creating new EntityManager for shared EntityManager invocation
2024-05-24T14:42:27.170-07:00 DEBUG 79649 --- [trivia] [           main] o.s.d.r.c.s.RepositoryFactorySupport     : Finished creation of repository instance for com.libbi.trivia.question.QuestionRepository.
2024-05-24T14:42:27.171-07:00 DEBUG 79649 --- [trivia] [           main] o.s.b.f.s.DefaultListableBeanFactory     : Creating shared instance of singleton bean 'submissionRepository'
2024-05-24T14:42:27.173-07:00 DEBUG 79649 --- [trivia] [           main] o.s.b.f.s.DefaultListableBeanFactory     : Creating shared instance of singleton bean 'jpa.named-queries#2'
2024-05-24T14:42:27.173-07:00 DEBUG 79649 --- [trivia] [           main] o.s.b.f.s.DefaultListableBeanFactory     : Creating shared instance of singleton bean 'jpa.SubmissionRepository.fragments#0'
2024-05-24T14:42:27.174-07:00 DEBUG 79649 --- [trivia] [           main] tor$SharedEntityManagerInvocationHandler : Creating new EntityManager for shared EntityManager invocation
2024-05-24T14:42:27.175-07:00 DEBUG 79649 --- [trivia] [           main] o.s.d.r.c.s.RepositoryFactorySupport     : Initializing repository instance for com.libbi.trivia.submission.SubmissionRepository…
2024-05-24T14:42:27.175-07:00 DEBUG 79649 --- [trivia] [           main] tor$SharedEntityManagerInvocationHandler : Creating new EntityManager for shared EntityManager invocation
2024-05-24T14:42:27.179-07:00 DEBUG 79649 --- [trivia] [           main] o.s.d.r.c.s.RepositoryFactorySupport     : Finished creation of repository instance for com.libbi.trivia.submission.SubmissionRepository.
2024-05-24T14:42:27.180-07:00 DEBUG 79649 --- [trivia] [           main] o.s.b.f.s.DefaultListableBeanFactory     : Creating shared instance of singleton bean 'gameRepository'
2024-05-24T14:42:27.181-07:00 DEBUG 79649 --- [trivia] [           main] o.s.b.f.s.DefaultListableBeanFactory     : Creating shared instance of singleton bean 'jpa.named-queries#1'
2024-05-24T14:42:27.182-07:00 DEBUG 79649 --- [trivia] [           main] o.s.b.f.s.DefaultListableBeanFactory     : Creating shared instance of singleton bean 'jpa.GameRepository.fragments#0'
2024-05-24T14:42:27.182-07:00 DEBUG 79649 --- [trivia] [           main] tor$SharedEntityManagerInvocationHandler : Creating new EntityManager for shared EntityManager invocation
2024-05-24T14:42:27.182-07:00 DEBUG 79649 --- [trivia] [           main] o.s.d.r.c.s.RepositoryFactorySupport     : Initializing repository instance for com.libbi.trivia.game.GameRepository…
2024-05-24T14:42:27.183-07:00 DEBUG 79649 --- [trivia] [           main] tor$SharedEntityManagerInvocationHandler : Creating new EntityManager for shared EntityManager invocation
2024-05-24T14:42:27.185-07:00 DEBUG 79649 --- [trivia] [           main] o.s.d.jpa.repository.query.NamedQuery    : Looking up named query Game.findByIdAndDeletedFalse
2024-05-24T14:42:27.185-07:00 DEBUG 79649 --- [trivia] [           main] o.s.d.jpa.repository.query.NamedQuery    : Did not find named query Game.findByIdAndDeletedFalse
2024-05-24T14:42:27.186-07:00 DEBUG 79649 --- [trivia] [           main] tor$SharedEntityManagerInvocationHandler : Creating new EntityManager for shared EntityManager invocation
2024-05-24T14:42:27.189-07:00 DEBUG 79649 --- [trivia] [           main] o.s.d.r.c.s.RepositoryFactorySupport     : Finished creation of repository instance for com.libbi.trivia.game.GameRepository.
2024-05-24T14:42:27.190-07:00 DEBUG 79649 --- [trivia] [           main] o.s.b.f.s.DefaultListableBeanFactory     : Creating shared instance of singleton bean 'userRepository'
2024-05-24T14:42:27.191-07:00 DEBUG 79649 --- [trivia] [           main] o.s.b.f.s.DefaultListableBeanFactory     : Creating shared instance of singleton bean 'jpa.named-queries#0'
2024-05-24T14:42:27.192-07:00 DEBUG 79649 --- [trivia] [           main] o.s.b.f.s.DefaultListableBeanFactory     : Creating shared instance of singleton bean 'jpa.UserRepository.fragments#0'
2024-05-24T14:42:27.193-07:00 DEBUG 79649 --- [trivia] [           main] tor$SharedEntityManagerInvocationHandler : Creating new EntityManager for shared EntityManager invocation
2024-05-24T14:42:27.194-07:00 DEBUG 79649 --- [trivia] [           main] o.s.d.r.c.s.RepositoryFactorySupport     : Initializing repository instance for com.libbi.trivia.user.UserRepository…
2024-05-24T14:42:27.195-07:00 DEBUG 79649 --- [trivia] [           main] tor$SharedEntityManagerInvocationHandler : Creating new EntityManager for shared EntityManager invocation
2024-05-24T14:42:27.197-07:00 DEBUG 79649 --- [trivia] [           main] o.s.d.jpa.repository.query.NamedQuery    : Looking up named query User.findByEmail
2024-05-24T14:42:27.198-07:00 DEBUG 79649 --- [trivia] [           main] o.s.d.jpa.repository.query.NamedQuery    : Did not find named query User.findByEmail
2024-05-24T14:42:27.198-07:00 DEBUG 79649 --- [trivia] [           main] tor$SharedEntityManagerInvocationHandler : Creating new EntityManager for shared EntityManager invocation
2024-05-24T14:42:27.201-07:00 DEBUG 79649 --- [trivia] [           main] o.s.d.r.c.s.RepositoryFactorySupport     : Finished creation of repository instance for com.libbi.trivia.user.UserRepository.
2024-05-24T14:42:27.202-07:00 DEBUG 79649 --- [trivia] [           main] o.s.b.f.s.DefaultListableBeanFactory     : Autowiring by type from bean name 'seeder' via constructor to bean named 'roundRepository'
2024-05-24T14:42:27.202-07:00 DEBUG 79649 --- [trivia] [           main] o.s.b.f.s.DefaultListableBeanFactory     : Autowiring by type from bean name 'seeder' via constructor to bean named 'teamRepository'
2024-05-24T14:42:27.202-07:00 DEBUG 79649 --- [trivia] [           main] o.s.b.f.s.DefaultListableBeanFactory     : Autowiring by type from bean name 'seeder' via constructor to bean named 'questionRepository'
2024-05-24T14:42:27.202-07:00 DEBUG 79649 --- [trivia] [           main] o.s.b.f.s.DefaultListableBeanFactory     : Autowiring by type from bean name 'seeder' via constructor to bean named 'submissionRepository'
2024-05-24T14:42:27.202-07:00 DEBUG 79649 --- [trivia] [           main] o.s.b.f.s.DefaultListableBeanFactory     : Autowiring by type from bean name 'seeder' via constructor to bean named 'gameRepository'
2024-05-24T14:42:27.202-07:00 DEBUG 79649 --- [trivia] [           main] o.s.b.f.s.DefaultListableBeanFactory     : Autowiring by type from bean name 'seeder' via constructor to bean named 'userRepository'
2024-05-24T14:42:27.203-07:00 DEBUG 79649 --- [trivia] [           main] o.s.b.f.s.DefaultListableBeanFactory     : Creating shared instance of singleton bean 'webConfig'
2024-05-24T14:42:27.204-07:00 DEBUG 79649 --- [trivia] [           main] o.s.b.f.s.DefaultListableBeanFactory     : Creating shared instance of singleton bean 'authenticationController'
2024-05-24T14:42:27.206-07:00 DEBUG 79649 --- [trivia] [           main] o.s.b.f.s.DefaultListableBeanFactory     : Creating shared instance of singleton bean 'authenticationService'
2024-05-24T14:42:27.207-07:00 DEBUG 79649 --- [trivia] [           main] o.s.b.f.s.DefaultListableBeanFactory     : Creating shared instance of singleton bean 'passwordEncoder'
2024-05-24T14:42:27.208-07:00 DEBUG 79649 --- [trivia] [           main] o.s.b.f.s.DefaultListableBeanFactory     : Creating shared instance of singleton bean 'applicationConfig'
2024-05-24T14:42:27.208-07:00 DEBUG 79649 --- [trivia] [           main] o.s.b.f.s.DefaultListableBeanFactory     : Autowiring by type from bean name 'applicationConfig' via constructor to bean named 'userRepository'
2024-05-24T14:42:27.210-07:00 DEBUG 79649 --- [trivia] [           main] o.s.b.f.s.DefaultListableBeanFactory     : Creating shared instance of singleton bean 'jwtService'
2024-05-24T14:42:27.212-07:00 DEBUG 79649 --- [trivia] [           main] o.s.b.f.s.DefaultListableBeanFactory     : Creating shared instance of singleton bean 'authenticationManager'
2024-05-24T14:42:27.212-07:00 DEBUG 79649 --- [trivia] [           main] o.s.b.f.s.DefaultListableBeanFactory     : Creating shared instance of singleton bean 'org.springframework.security.config.annotation.authentication.configuration.AuthenticationConfiguration'
2024-05-24T14:42:27.214-07:00 DEBUG 79649 --- [trivia] [           main] o.s.b.f.s.DefaultListableBeanFactory     : Creating shared instance of singleton bean 'enableGlobalAuthenticationAutowiredConfigurer'
2024-05-24T14:42:27.215-07:00 DEBUG 79649 --- [trivia] [           main] o.s.b.f.s.DefaultListableBeanFactory     : Autowiring by type from bean name 'enableGlobalAuthenticationAutowiredConfigurer' via factory method to bean named 'org.springframework.web.context.support.GenericWebApplicationContext@4cc547a'
2024-05-24T14:42:27.216-07:00 DEBUG 79649 --- [trivia] [           main] o.s.b.f.s.DefaultListableBeanFactory     : Creating shared instance of singleton bean 'initializeUserDetailsBeanManagerConfigurer'
2024-05-24T14:42:27.216-07:00 DEBUG 79649 --- [trivia] [           main] o.s.b.f.s.DefaultListableBeanFactory     : Autowiring by type from bean name 'initializeUserDetailsBeanManagerConfigurer' via factory method to bean named 'org.springframework.web.context.support.GenericWebApplicationContext@4cc547a'
2024-05-24T14:42:27.217-07:00 DEBUG 79649 --- [trivia] [           main] o.s.b.f.s.DefaultListableBeanFactory     : Creating shared instance of singleton bean 'initializeAuthenticationProviderBeanManagerConfigurer'
2024-05-24T14:42:27.217-07:00 DEBUG 79649 --- [trivia] [           main] o.s.b.f.s.DefaultListableBeanFactory     : Autowiring by type from bean name 'initializeAuthenticationProviderBeanManagerConfigurer' via factory method to bean named 'org.springframework.web.context.support.GenericWebApplicationContext@4cc547a'
2024-05-24T14:42:27.219-07:00 DEBUG 79649 --- [trivia] [           main] o.s.b.f.s.DefaultListableBeanFactory     : Creating shared instance of singleton bean 'objectPostProcessor'
2024-05-24T14:42:27.219-07:00 DEBUG 79649 --- [trivia] [           main] o.s.b.f.s.DefaultListableBeanFactory     : Creating shared instance of singleton bean 'org.springframework.security.config.annotation.configuration.ObjectPostProcessorConfiguration'
2024-05-24T14:42:27.220-07:00 DEBUG 79649 --- [trivia] [           main] o.s.b.f.s.DefaultListableBeanFactory     : Autowiring by type from bean name 'objectPostProcessor' via factory method to bean named 'org.springframework.beans.factory.support.DefaultListableBeanFactory@64d7b720'
2024-05-24T14:42:27.221-07:00 DEBUG 79649 --- [trivia] [           main] o.s.b.f.s.DefaultListableBeanFactory     : Autowiring by type from bean name 'authenticationManager' via factory method to bean named 'org.springframework.security.config.annotation.authentication.configuration.AuthenticationConfiguration'
2024-05-24T14:42:27.222-07:00 DEBUG 79649 --- [trivia] [           main] o.s.b.f.s.DefaultListableBeanFactory     : Creating shared instance of singleton bean 'authenticationManagerBuilder'
2024-05-24T14:42:27.222-07:00 DEBUG 79649 --- [trivia] [           main] o.s.b.f.s.DefaultListableBeanFactory     : Autowiring by type from bean name 'authenticationManagerBuilder' via factory method to bean named 'objectPostProcessor'
2024-05-24T14:42:27.222-07:00 DEBUG 79649 --- [trivia] [           main] o.s.b.f.s.DefaultListableBeanFactory     : Autowiring by type from bean name 'authenticationManagerBuilder' via factory method to bean named 'org.springframework.web.context.support.GenericWebApplicationContext@4cc547a'
2024-05-24T14:42:27.223-07:00 DEBUG 79649 --- [trivia] [           main] o.s.b.f.s.DefaultListableBeanFactory     : Creating shared instance of singleton bean 'authenticationEventPublisher'
2024-05-24T14:42:27.223-07:00 DEBUG 79649 --- [trivia] [           main] o.s.b.f.s.DefaultListableBeanFactory     : Creating shared instance of singleton bean 'org.springframework.boot.autoconfigure.security.servlet.SecurityAutoConfiguration'
2024-05-24T14:42:27.224-07:00 DEBUG 79649 --- [trivia] [           main] o.s.b.f.s.DefaultListableBeanFactory     : Autowiring by type from bean name 'authenticationEventPublisher' via factory method to bean named 'org.springframework.web.context.support.GenericWebApplicationContext@4cc547a'
2024-05-24T14:42:27.233-07:00 DEBUG 79649 --- [trivia] [           main] o.s.b.f.s.DefaultListableBeanFactory     : Creating shared instance of singleton bean 'securityConfiguration'
2024-05-24T14:42:27.234-07:00 DEBUG 79649 --- [trivia] [           main] o.s.b.f.s.DefaultListableBeanFactory     : Creating shared instance of singleton bean 'jwtAuthenticationFilter'
2024-05-24T14:42:27.235-07:00 DEBUG 79649 --- [trivia] [           main] o.s.b.f.s.DefaultListableBeanFactory     : Creating shared instance of singleton bean 'userDetailsService'
2024-05-24T14:42:27.236-07:00 DEBUG 79649 --- [trivia] [           main] o.s.b.f.s.DefaultListableBeanFactory     : Autowiring by type from bean name 'jwtAuthenticationFilter' via constructor to bean named 'jwtService'
2024-05-24T14:42:27.237-07:00 DEBUG 79649 --- [trivia] [           main] o.s.b.f.s.DefaultListableBeanFactory     : Autowiring by type from bean name 'jwtAuthenticationFilter' via constructor to bean named 'userDetailsService'
2024-05-24T14:42:27.238-07:00 DEBUG 79649 --- [trivia] [           main] o.s.b.f.s.DefaultListableBeanFactory     : Creating shared instance of singleton bean 'authenticationProvider'
2024-05-24T14:42:27.260-07:00 DEBUG 79649 --- [trivia] [           main] o.s.b.f.s.DefaultListableBeanFactory     : Creating shared instance of singleton bean 'logoutService'
2024-05-24T14:42:27.260-07:00 DEBUG 79649 --- [trivia] [           main] o.s.b.f.s.DefaultListableBeanFactory     : Creating shared instance of singleton bean 'tokenRepository'
2024-05-24T14:42:27.261-07:00 DEBUG 79649 --- [trivia] [           main] o.s.b.f.s.DefaultListableBeanFactory     : Creating shared instance of singleton bean 'jpa.named-queries#3'
2024-05-24T14:42:27.262-07:00 DEBUG 79649 --- [trivia] [           main] o.s.b.f.s.DefaultListableBeanFactory     : Creating shared instance of singleton bean 'jpa.TokenRepository.fragments#0'
2024-05-24T14:42:27.263-07:00 DEBUG 79649 --- [trivia] [           main] tor$SharedEntityManagerInvocationHandler : Creating new EntityManager for shared EntityManager invocation
2024-05-24T14:42:27.266-07:00 DEBUG 79649 --- [trivia] [           main] o.s.d.r.c.s.RepositoryFactorySupport     : Initializing repository instance for com.libbi.trivia.token.TokenRepository…
2024-05-24T14:42:27.267-07:00 DEBUG 79649 --- [trivia] [           main] tor$SharedEntityManagerInvocationHandler : Creating new EntityManager for shared EntityManager invocation
2024-05-24T14:42:27.270-07:00 DEBUG 79649 --- [trivia] [           main] o.s.d.jpa.repository.query.NamedQuery    : Looking up named query Token.findByToken
2024-05-24T14:42:27.271-07:00 DEBUG 79649 --- [trivia] [           main] o.s.d.jpa.repository.query.NamedQuery    : Did not find named query Token.findByToken
2024-05-24T14:42:27.271-07:00 DEBUG 79649 --- [trivia] [           main] tor$SharedEntityManagerInvocationHandler : Creating new EntityManager for shared EntityManager invocation
2024-05-24T14:42:27.281-07:00  INFO 79649 --- [trivia] [           main] o.s.d.j.r.query.QueryEnhancerFactory     : Hibernate is in classpath; If applicable, HQL parser will be used.
2024-05-24T14:42:27.439-07:00 DEBUG 79649 --- [trivia] [           main] o.s.d.jpa.repository.query.NamedQuery    : Did not find named query Token.findAllValidTokenByUser.count
2024-05-24T14:42:27.440-07:00 DEBUG 79649 --- [trivia] [           main] tor$SharedEntityManagerInvocationHandler : Creating new EntityManager for shared EntityManager invocation
2024-05-24T14:42:27.660-07:00 DEBUG 79649 --- [trivia] [           main] o.s.d.r.c.s.RepositoryFactorySupport     : Finished creation of repository instance for com.libbi.trivia.token.TokenRepository.
2024-05-24T14:42:27.660-07:00 DEBUG 79649 --- [trivia] [           main] o.s.b.f.s.DefaultListableBeanFactory     : Autowiring by type from bean name 'logoutService' via constructor to bean named 'tokenRepository'
2024-05-24T14:42:27.661-07:00 DEBUG 79649 --- [trivia] [           main] o.s.b.f.s.DefaultListableBeanFactory     : Autowiring by type from bean name 'securityConfiguration' via constructor to bean named 'jwtAuthenticationFilter'
2024-05-24T14:42:27.661-07:00 DEBUG 79649 --- [trivia] [           main] o.s.b.f.s.DefaultListableBeanFactory     : Autowiring by type from bean name 'securityConfiguration' via constructor to bean named 'authenticationProvider'
2024-05-24T14:42:27.661-07:00 DEBUG 79649 --- [trivia] [           main] o.s.b.f.s.DefaultListableBeanFactory     : Autowiring by type from bean name 'securityConfiguration' via constructor to bean named 'logoutService'
2024-05-24T14:42:27.663-07:00 DEBUG 79649 --- [trivia] [           main] o.s.b.f.s.DefaultListableBeanFactory     : Autowiring by type from bean name 'authenticationService' via constructor to bean named 'userRepository'
2024-05-24T14:42:27.663-07:00 DEBUG 79649 --- [trivia] [           main] o.s.b.f.s.DefaultListableBeanFactory     : Autowiring by type from bean name 'authenticationService' via constructor to bean named 'passwordEncoder'
2024-05-24T14:42:27.663-07:00 DEBUG 79649 --- [trivia] [           main] o.s.b.f.s.DefaultListableBeanFactory     : Autowiring by type from bean name 'authenticationService' via constructor to bean named 'jwtService'
2024-05-24T14:42:27.663-07:00 DEBUG 79649 --- [trivia] [           main] o.s.b.f.s.DefaultListableBeanFactory     : Autowiring by type from bean name 'authenticationService' via constructor to bean named 'authenticationManager'
2024-05-24T14:42:27.664-07:00 DEBUG 79649 --- [trivia] [           main] o.s.b.f.s.DefaultListableBeanFactory     : Autowiring by type from bean name 'authenticationController' via constructor to bean named 'authenticationService'
2024-05-24T14:42:27.665-07:00 DEBUG 79649 --- [trivia] [           main] o.s.b.f.s.DefaultListableBeanFactory     : Creating shared instance of singleton bean 'gameServiceImpl'
2024-05-24T14:42:27.665-07:00 DEBUG 79649 --- [trivia] [           main] o.s.b.f.s.DefaultListableBeanFactory     : Autowiring by type from bean name 'gameServiceImpl' via constructor to bean named 'gameRepository'
2024-05-24T14:42:27.665-07:00 DEBUG 79649 --- [trivia] [           main] o.s.b.f.s.DefaultListableBeanFactory     : Creating shared instance of singleton bean 'teamController'
2024-05-24T14:42:27.667-07:00 DEBUG 79649 --- [trivia] [           main] o.s.b.f.s.DefaultListableBeanFactory     : Creating shared instance of singleton bean 'teamServiceImpl'
2024-05-24T14:42:27.668-07:00 DEBUG 79649 --- [trivia] [           main] o.s.b.f.s.DefaultListableBeanFactory     : Creating shared instance of singleton bean 'teamMapperImpl'
2024-05-24T14:42:27.669-07:00 DEBUG 79649 --- [trivia] [           main] o.s.b.f.s.DefaultListableBeanFactory     : Autowiring by type from bean name 'teamServiceImpl' via constructor to bean named 'teamMapperImpl'
2024-05-24T14:42:27.669-07:00 DEBUG 79649 --- [trivia] [           main] o.s.b.f.s.DefaultListableBeanFactory     : Autowiring by type from bean name 'teamServiceImpl' via constructor to bean named 'teamRepository'
2024-05-24T14:42:27.669-07:00 DEBUG 79649 --- [trivia] [           main] o.s.b.f.s.DefaultListableBeanFactory     : Autowiring by type from bean name 'teamServiceImpl' via constructor to bean named 'gameServiceImpl'
2024-05-24T14:42:27.669-07:00 DEBUG 79649 --- [trivia] [           main] o.s.b.f.s.DefaultListableBeanFactory     : Autowiring by type from bean name 'teamController' via constructor to bean named 'teamServiceImpl'
2024-05-24T14:42:27.670-07:00 DEBUG 79649 --- [trivia] [           main] o.s.b.f.s.DefaultListableBeanFactory     : Creating shared instance of singleton bean 'userMapperImpl'
2024-05-24T14:42:27.670-07:00 DEBUG 79649 --- [trivia] [           main] o.s.b.f.s.DefaultListableBeanFactory     : Creating shared instance of singleton bean 'corsConfigurer'
2024-05-24T14:42:27.671-07:00 DEBUG 79649 --- [trivia] [           main] o.s.b.f.s.DefaultListableBeanFactory     : Creating shared instance of singleton bean 'org.springframework.security.config.annotation.web.configuration.WebSecurityConfiguration'
2024-05-24T14:42:27.674-07:00 DEBUG 79649 --- [trivia] [           main] o.s.b.f.s.DefaultListableBeanFactory     : Creating shared instance of singleton bean 'org.springframework.security.config.annotation.web.configuration.HttpSecurityConfiguration'
2024-05-24T14:42:27.677-07:00 DEBUG 79649 --- [trivia] [           main] o.s.b.f.s.DefaultListableBeanFactory     : Creating shared instance of singleton bean 'mvcContentNegotiationManager'
2024-05-24T14:42:27.677-07:00 DEBUG 79649 --- [trivia] [           main] o.s.b.f.s.DefaultListableBeanFactory     : Creating shared instance of singleton bean 'org.springframework.boot.autoconfigure.web.servlet.WebMvcAutoConfiguration$EnableWebMvcConfiguration'
2024-05-24T14:42:27.678-07:00 DEBUG 79649 --- [trivia] [           main] o.s.b.f.s.DefaultListableBeanFactory     : Creating shared instance of singleton bean 'spring.mvc-org.springframework.boot.autoconfigure.web.servlet.WebMvcProperties'
2024-05-24T14:42:27.682-07:00 DEBUG 79649 --- [trivia] [           main] o.s.b.f.s.DefaultListableBeanFactory     : Creating shared instance of singleton bean 'spring.web-org.springframework.boot.autoconfigure.web.WebProperties'
2024-05-24T14:42:27.686-07:00 DEBUG 79649 --- [trivia] [           main] o.s.b.f.s.DefaultListableBeanFactory     : Autowiring by type from bean name 'org.springframework.boot.autoconfigure.web.servlet.WebMvcAutoConfiguration$EnableWebMvcConfiguration' via constructor to bean named 'spring.mvc-org.springframework.boot.autoconfigure.web.servlet.WebMvcProperties'
2024-05-24T14:42:27.686-07:00 DEBUG 79649 --- [trivia] [           main] o.s.b.f.s.DefaultListableBeanFactory     : Autowiring by type from bean name 'org.springframework.boot.autoconfigure.web.servlet.WebMvcAutoConfiguration$EnableWebMvcConfiguration' via constructor to bean named 'spring.web-org.springframework.boot.autoconfigure.web.WebProperties'
2024-05-24T14:42:27.686-07:00 DEBUG 79649 --- [trivia] [           main] o.s.b.f.s.DefaultListableBeanFactory     : Autowiring by type from bean name 'org.springframework.boot.autoconfigure.web.servlet.WebMvcAutoConfiguration$EnableWebMvcConfiguration' via constructor to bean named 'org.springframework.beans.factory.support.DefaultListableBeanFactory@64d7b720'
2024-05-24T14:42:27.689-07:00 DEBUG 79649 --- [trivia] [           main] o.s.b.f.s.DefaultListableBeanFactory     : Creating shared instance of singleton bean 'org.springframework.security.config.annotation.web.configuration.WebMvcSecurityConfiguration'
2024-05-24T14:42:27.690-07:00 DEBUG 79649 --- [trivia] [           main] o.s.b.f.s.DefaultListableBeanFactory     : Creating shared instance of singleton bean 'org.springframework.boot.autoconfigure.web.servlet.WebMvcAutoConfiguration$WebMvcAutoConfigurationAdapter'
2024-05-24T14:42:27.690-07:00 DEBUG 79649 --- [trivia] [           main] o.s.b.f.s.DefaultListableBeanFactory     : Autowiring by type from bean name 'org.springframework.boot.autoconfigure.web.servlet.WebMvcAutoConfiguration$WebMvcAutoConfigurationAdapter' via constructor to bean named 'spring.web-org.springframework.boot.autoconfigure.web.WebProperties'
2024-05-24T14:42:27.690-07:00 DEBUG 79649 --- [trivia] [           main] o.s.b.f.s.DefaultListableBeanFactory     : Autowiring by type from bean name 'org.springframework.boot.autoconfigure.web.servlet.WebMvcAutoConfiguration$WebMvcAutoConfigurationAdapter' via constructor to bean named 'spring.mvc-org.springframework.boot.autoconfigure.web.servlet.WebMvcProperties'
2024-05-24T14:42:27.690-07:00 DEBUG 79649 --- [trivia] [           main] o.s.b.f.s.DefaultListableBeanFactory     : Autowiring by type from bean name 'org.springframework.boot.autoconfigure.web.servlet.WebMvcAutoConfiguration$WebMvcAutoConfigurationAdapter' via constructor to bean named 'org.springframework.beans.factory.support.DefaultListableBeanFactory@64d7b720'
2024-05-24T14:42:27.692-07:00 DEBUG 79649 --- [trivia] [           main] o.s.b.f.s.DefaultListableBeanFactory     : Creating shared instance of singleton bean 'openEntityManagerInViewInterceptorConfigurer'
2024-05-24T14:42:27.692-07:00 DEBUG 79649 --- [trivia] [           main] o.s.b.f.s.DefaultListableBeanFactory     : Creating shared instance of singleton bean 'org.springframework.boot.autoconfigure.orm.jpa.JpaBaseConfiguration$JpaWebConfiguration'
2024-05-24T14:42:27.692-07:00 DEBUG 79649 --- [trivia] [           main] o.s.b.f.s.DefaultListableBeanFactory     : Autowiring by type from bean name 'org.springframework.boot.autoconfigure.orm.jpa.JpaBaseConfiguration$JpaWebConfiguration' via constructor to bean named 'spring.jpa-org.springframework.boot.autoconfigure.orm.jpa.JpaProperties'
2024-05-24T14:42:27.693-07:00 DEBUG 79649 --- [trivia] [           main] o.s.b.f.s.DefaultListableBeanFactory     : Creating shared instance of singleton bean 'openEntityManagerInViewInterceptor'
2024-05-24T14:42:27.693-07:00  WARN 79649 --- [trivia] [           main] JpaBaseConfiguration$JpaWebConfiguration : spring.jpa.open-in-view is enabled by default. Therefore, database queries may be performed during view rendering. Explicitly configure spring.jpa.open-in-view to disable this warning
2024-05-24T14:42:27.696-07:00 DEBUG 79649 --- [trivia] [           main] o.s.b.f.s.DefaultListableBeanFactory     : Autowiring by type from bean name 'openEntityManagerInViewInterceptorConfigurer' via factory method to bean named 'openEntityManagerInViewInterceptor'
2024-05-24T14:42:27.697-07:00 DEBUG 79649 --- [trivia] [           main] o.s.b.f.s.DefaultListableBeanFactory     : Creating shared instance of singleton bean 'org.springframework.data.web.config.SpringDataWebConfiguration'
2024-05-24T14:42:27.698-07:00 DEBUG 79649 --- [trivia] [           main] o.s.b.f.s.DefaultListableBeanFactory     : Autowiring by type from bean name 'org.springframework.data.web.config.SpringDataWebConfiguration' via constructor to bean named 'org.springframework.web.context.support.GenericWebApplicationContext@4cc547a'
2024-05-24T14:42:27.745-07:00 DEBUG 79649 --- [trivia] [           main] o.s.b.f.s.DefaultListableBeanFactory     : Creating shared instance of singleton bean 'mvcHandlerMappingIntrospectorRequestTransformer'
2024-05-24T14:42:27.745-07:00 DEBUG 79649 --- [trivia] [           main] o.s.b.f.s.DefaultListableBeanFactory     : Creating shared instance of singleton bean 'mvcHandlerMappingIntrospector'
2024-05-24T14:42:27.749-07:00 DEBUG 79649 --- [trivia] [           main] o.s.b.f.s.DefaultListableBeanFactory     : Creating shared instance of singleton bean 'welcomePageHandlerMapping'
2024-05-24T14:42:27.749-07:00 DEBUG 79649 --- [trivia] [           main] o.s.b.f.s.DefaultListableBeanFactory     : Creating shared instance of singleton bean 'mvcConversionService'
2024-05-24T14:42:27.758-07:00 DEBUG 79649 --- [trivia] [           main] o.s.b.f.s.DefaultListableBeanFactory     : Creating shared instance of singleton bean 'mvcResourceUrlProvider'
2024-05-24T14:42:27.760-07:00 DEBUG 79649 --- [trivia] [           main] o.s.b.f.s.DefaultListableBeanFactory     : Autowiring by type from bean name 'welcomePageHandlerMapping' via factory method to bean named 'org.springframework.web.context.support.GenericWebApplicationContext@4cc547a'
2024-05-24T14:42:27.761-07:00 DEBUG 79649 --- [trivia] [           main] o.s.b.f.s.DefaultListableBeanFactory     : Autowiring by type from bean name 'welcomePageHandlerMapping' via factory method to bean named 'mvcConversionService'
2024-05-24T14:42:27.761-07:00 DEBUG 79649 --- [trivia] [           main] o.s.b.f.s.DefaultListableBeanFactory     : Autowiring by type from bean name 'welcomePageHandlerMapping' via factory method to bean named 'mvcResourceUrlProvider'
2024-05-24T14:42:27.780-07:00 DEBUG 79649 --- [trivia] [           main] o.s.b.f.s.DefaultListableBeanFactory     : Creating shared instance of singleton bean 'welcomePageNotAcceptableHandlerMapping'
2024-05-24T14:42:27.781-07:00 DEBUG 79649 --- [trivia] [           main] o.s.b.f.s.DefaultListableBeanFactory     : Autowiring by type from bean name 'welcomePageNotAcceptableHandlerMapping' via factory method to bean named 'org.springframework.web.context.support.GenericWebApplicationContext@4cc547a'
2024-05-24T14:42:27.781-07:00 DEBUG 79649 --- [trivia] [           main] o.s.b.f.s.DefaultListableBeanFactory     : Autowiring by type from bean name 'welcomePageNotAcceptableHandlerMapping' via factory method to bean named 'mvcConversionService'
2024-05-24T14:42:27.781-07:00 DEBUG 79649 --- [trivia] [           main] o.s.b.f.s.DefaultListableBeanFactory     : Autowiring by type from bean name 'welcomePageNotAcceptableHandlerMapping' via factory method to bean named 'mvcResourceUrlProvider'
2024-05-24T14:42:27.786-07:00 DEBUG 79649 --- [trivia] [           main] o.s.b.f.s.DefaultListableBeanFactory     : Creating shared instance of singleton bean 'requestMappingHandlerMapping'
2024-05-24T14:42:27.788-07:00 DEBUG 79649 --- [trivia] [           main] o.s.b.f.s.DefaultListableBeanFactory     : Autowiring by type from bean name 'requestMappingHandlerMapping' via factory method to bean named 'mvcContentNegotiationManager'
2024-05-24T14:42:27.788-07:00 DEBUG 79649 --- [trivia] [           main] o.s.b.f.s.DefaultListableBeanFactory     : Autowiring by type from bean name 'requestMappingHandlerMapping' via factory method to bean named 'mvcConversionService'
2024-05-24T14:42:27.788-07:00 DEBUG 79649 --- [trivia] [           main] o.s.b.f.s.DefaultListableBeanFactory     : Autowiring by type from bean name 'requestMappingHandlerMapping' via factory method to bean named 'mvcResourceUrlProvider'
2024-05-24T14:42:27.823-07:00 DEBUG 79649 --- [trivia] [           main] s.w.s.m.m.a.RequestMappingHandlerMapping : 7 mappings in 'requestMappingHandlerMapping'
2024-05-24T14:42:27.826-07:00 DEBUG 79649 --- [trivia] [           main] o.s.b.f.s.DefaultListableBeanFactory     : Creating shared instance of singleton bean 'viewControllerHandlerMapping'
2024-05-24T14:42:27.826-07:00 DEBUG 79649 --- [trivia] [           main] o.s.b.f.s.DefaultListableBeanFactory     : Autowiring by type from bean name 'viewControllerHandlerMapping' via factory method to bean named 'mvcConversionService'
2024-05-24T14:42:27.826-07:00 DEBUG 79649 --- [trivia] [           main] o.s.b.f.s.DefaultListableBeanFactory     : Autowiring by type from bean name 'viewControllerHandlerMapping' via factory method to bean named 'mvcResourceUrlProvider'
2024-05-24T14:42:27.827-07:00 DEBUG 79649 --- [trivia] [           main] o.s.b.f.s.DefaultListableBeanFactory     : Creating shared instance of singleton bean 'beanNameHandlerMapping'
2024-05-24T14:42:27.828-07:00 DEBUG 79649 --- [trivia] [           main] o.s.b.f.s.DefaultListableBeanFactory     : Autowiring by type from bean name 'beanNameHandlerMapping' via factory method to bean named 'mvcConversionService'
2024-05-24T14:42:27.828-07:00 DEBUG 79649 --- [trivia] [           main] o.s.b.f.s.DefaultListableBeanFactory     : Autowiring by type from bean name 'beanNameHandlerMapping' via factory method to bean named 'mvcResourceUrlProvider'
2024-05-24T14:42:27.830-07:00 DEBUG 79649 --- [trivia] [           main] o.s.b.f.s.DefaultListableBeanFactory     : Creating shared instance of singleton bean 'routerFunctionMapping'
2024-05-24T14:42:27.831-07:00 DEBUG 79649 --- [trivia] [           main] o.s.b.f.s.DefaultListableBeanFactory     : Autowiring by type from bean name 'routerFunctionMapping' via factory method to bean named 'mvcConversionService'
2024-05-24T14:42:27.831-07:00 DEBUG 79649 --- [trivia] [           main] o.s.b.f.s.DefaultListableBeanFactory     : Autowiring by type from bean name 'routerFunctionMapping' via factory method to bean named 'mvcResourceUrlProvider'
2024-05-24T14:42:27.832-07:00 DEBUG 79649 --- [trivia] [           main] o.s.b.f.s.DefaultListableBeanFactory     : Creating shared instance of singleton bean 'messageConverters'
2024-05-24T14:42:27.832-07:00 DEBUG 79649 --- [trivia] [           main] o.s.b.f.s.DefaultListableBeanFactory     : Creating shared instance of singleton bean 'org.springframework.boot.autoconfigure.http.HttpMessageConvertersAutoConfiguration'
2024-05-24T14:42:27.835-07:00 DEBUG 79649 --- [trivia] [           main] o.s.b.f.s.DefaultListableBeanFactory     : Creating shared instance of singleton bean 'stringHttpMessageConverter'
2024-05-24T14:42:27.835-07:00 DEBUG 79649 --- [trivia] [           main] o.s.b.f.s.DefaultListableBeanFactory     : Creating shared instance of singleton bean 'org.springframework.boot.autoconfigure.http.HttpMessageConvertersAutoConfiguration$StringHttpMessageConverterConfiguration'
2024-05-24T14:42:27.836-07:00 DEBUG 79649 --- [trivia] [           main] o.s.b.f.s.DefaultListableBeanFactory     : Autowiring by type from bean name 'stringHttpMessageConverter' via factory method to bean named 'environment'
2024-05-24T14:42:27.839-07:00 DEBUG 79649 --- [trivia] [           main] o.s.b.f.s.DefaultListableBeanFactory     : Creating shared instance of singleton bean 'mappingJackson2HttpMessageConverter'
2024-05-24T14:42:27.839-07:00 DEBUG 79649 --- [trivia] [           main] o.s.b.f.s.DefaultListableBeanFactory     : Creating shared instance of singleton bean 'org.springframework.boot.autoconfigure.http.JacksonHttpMessageConvertersConfiguration$MappingJackson2HttpMessageConverterConfiguration'
2024-05-24T14:42:27.840-07:00 DEBUG 79649 --- [trivia] [           main] o.s.b.f.s.DefaultListableBeanFactory     : Creating shared instance of singleton bean 'jacksonObjectMapper'
2024-05-24T14:42:27.840-07:00 DEBUG 79649 --- [trivia] [           main] o.s.b.f.s.DefaultListableBeanFactory     : Creating shared instance of singleton bean 'org.springframework.boot.autoconfigure.jackson.JacksonAutoConfiguration$JacksonObjectMapperConfiguration'
2024-05-24T14:42:27.840-07:00 DEBUG 79649 --- [trivia] [           main] o.s.b.f.s.DefaultListableBeanFactory     : Creating shared instance of singleton bean 'org.springframework.boot.autoconfigure.jackson.JacksonAutoConfiguration$JacksonObjectMapperBuilderConfiguration'
2024-05-24T14:42:27.841-07:00 DEBUG 79649 --- [trivia] [           main] o.s.b.f.s.DefaultListableBeanFactory     : Creating shared instance of singleton bean 'standardJacksonObjectMapperBuilderCustomizer'
2024-05-24T14:42:27.841-07:00 DEBUG 79649 --- [trivia] [           main] o.s.b.f.s.DefaultListableBeanFactory     : Creating shared instance of singleton bean 'org.springframework.boot.autoconfigure.jackson.JacksonAutoConfiguration$Jackson2ObjectMapperBuilderCustomizerConfiguration'
2024-05-24T14:42:27.842-07:00 DEBUG 79649 --- [trivia] [           main] o.s.b.f.s.DefaultListableBeanFactory     : Creating shared instance of singleton bean 'spring.jackson-org.springframework.boot.autoconfigure.jackson.JacksonProperties'
2024-05-24T14:42:27.847-07:00 DEBUG 79649 --- [trivia] [           main] o.s.b.f.s.DefaultListableBeanFactory     : Autowiring by type from bean name 'standardJacksonObjectMapperBuilderCustomizer' via factory method to bean named 'spring.jackson-org.springframework.boot.autoconfigure.jackson.JacksonProperties'
2024-05-24T14:42:27.848-07:00 DEBUG 79649 --- [trivia] [           main] o.s.b.f.s.DefaultListableBeanFactory     : Creating shared instance of singleton bean 'parameterNamesModule'
2024-05-24T14:42:27.848-07:00 DEBUG 79649 --- [trivia] [           main] o.s.b.f.s.DefaultListableBeanFactory     : Creating shared instance of singleton bean 'org.springframework.boot.autoconfigure.jackson.JacksonAutoConfiguration$ParameterNamesModuleConfiguration'
2024-05-24T14:42:27.852-07:00 DEBUG 79649 --- [trivia] [           main] o.s.b.f.s.DefaultListableBeanFactory     : Creating shared instance of singleton bean 'jsonMixinModule'
2024-05-24T14:42:27.852-07:00 DEBUG 79649 --- [trivia] [           main] o.s.b.f.s.DefaultListableBeanFactory     : Creating shared instance of singleton bean 'org.springframework.boot.autoconfigure.jackson.JacksonAutoConfiguration$JacksonMixinConfiguration'
[...]

   TaskSchedulingAutoConfiguration#scheduledBeanLazyInitializationExcludeFilter:
      Did not match:
         - @ConditionalOnBean (names: org.springframework.context.annotation.internalScheduledAnnotationProcessor; SearchStrategy: all) did not find any beans named org.springframework.context.annotation.internalScheduledAnnotationProcessor (OnBeanCondition)

   TaskSchedulingConfigurations.SimpleAsyncTaskSchedulerBuilderConfiguration#simpleAsyncTaskSchedulerBuilderVirtualThreads:
      Did not match:
         - @ConditionalOnMissingBean (types: org.springframework.boot.task.SimpleAsyncTaskSchedulerBuilder; SearchStrategy: all) found beans of type 'org.springframework.boot.task.SimpleAsyncTaskSchedulerBuilder' simpleAsyncTaskSchedulerBuilder (OnBeanCondition)

   TaskSchedulingConfigurations.TaskSchedulerConfiguration:
      Did not match:
         - @ConditionalOnBean (names: org.springframework.context.annotation.internalScheduledAnnotationProcessor; SearchStrategy: all) did not find any beans named org.springframework.context.annotation.internalScheduledAnnotationProcessor (OnBeanCondition)

   ThymeleafAutoConfiguration:
      Did not match:
         - @ConditionalOnClass did not find required class 'org.thymeleaf.spring6.SpringTemplateEngine' (OnClassCondition)

   TransactionAutoConfiguration#transactionalOperator:
      Did not match:
         - @ConditionalOnSingleCandidate (types: org.springframework.transaction.ReactiveTransactionManager; SearchStrategy: all) did not find any beans (OnBeanCondition)

   TransactionAutoConfiguration.AspectJTransactionManagementConfiguration:
      Did not match:
         - @ConditionalOnBean (types: org.springframework.transaction.aspectj.AbstractTransactionAspect; SearchStrategy: all) did not find any beans of type org.springframework.transaction.aspectj.AbstractTransactionAspect (OnBeanCondition)

   TransactionAutoConfiguration.EnableTransactionManagementConfiguration.JdkDynamicAutoProxyConfiguration:
      Did not match:
         - @ConditionalOnProperty (spring.aop.proxy-target-class=false) did not find property 'proxy-target-class' (OnPropertyCondition)

   UserDetailsServiceAutoConfiguration:
      Did not match:
         - @ConditionalOnMissingBean (types: org.springframework.security.authentication.AuthenticationManager,org.springframework.security.authentication.AuthenticationProvider,org.springframework.security.core.userdetails.UserDetailsService,org.springframework.security.authentication.AuthenticationManagerResolver,org.springframework.security.oauth2.jwt.JwtDecoder; SearchStrategy: all) found beans of type 'org.springframework.security.authentication.AuthenticationManager' authenticationManager and found beans of type 'org.springframework.security.core.userdetails.UserDetailsService' userDetailsService and found beans of type 'org.springframework.security.authentication.AuthenticationProvider' authenticationProvider (OnBeanCondition)
      Matched:
         - @ConditionalOnClass found required class 'org.springframework.security.authentication.AuthenticationManager' (OnClassCondition)
         - AnyNestedCondition 1 matched 2 did not; NestedCondition on UserDetailsServiceAutoConfiguration.MissingAlternativeOrUserPropertiesConfigured.PasswordConfigured @ConditionalOnProperty (spring.security.user.password) did not find property 'password'; NestedCondition on UserDetailsServiceAutoConfiguration.MissingAlternativeOrUserPropertiesConfigured.NameConfigured @ConditionalOnProperty (spring.security.user.name) did not find property 'name'; NestedCondition on UserDetailsServiceAutoConfiguration.MissingAlternativeOrUserPropertiesConfigured.MissingAlternative @ConditionalOnMissingClass did not find unwanted classes 'org.springframework.security.oauth2.client.registration.ClientRegistrationRepository', 'org.springframework.security.oauth2.server.resource.introspection.OpaqueTokenIntrospector', 'org.springframework.security.saml2.provider.service.registration.RelyingPartyRegistrationRepository' (UserDetailsServiceAutoConfiguration.MissingAlternativeOrUserPropertiesConfigured)

   ValidationAutoConfiguration:
      Did not match:
         - @ConditionalOnClass did not find required class 'jakarta.validation.executable.ExecutableValidator' (OnClassCondition)

   WebClientAutoConfiguration:
      Did not match:
         - @ConditionalOnClass did not find required class 'org.springframework.web.reactive.function.client.WebClient' (OnClassCondition)

   WebFluxAutoConfiguration:
      Did not match:
         - @ConditionalOnClass did not find required class 'org.springframework.web.reactive.config.WebFluxConfigurer' (OnClassCondition)

   WebMvcAutoConfiguration#hiddenHttpMethodFilter:
      Did not match:
         - @ConditionalOnProperty (spring.mvc.hiddenmethod.filter.enabled) did not find property 'enabled' (OnPropertyCondition)

   WebMvcAutoConfiguration.ProblemDetailsErrorHandlingConfiguration:
      Did not match:
         - @ConditionalOnProperty (spring.mvc.problemdetails.enabled=true) did not find property 'enabled' (OnPropertyCondition)

   WebMvcAutoConfiguration.ResourceChainCustomizerConfiguration:
      Did not match:
         - @ConditionalOnEnabledResourceChain did not find class org.webjars.WebJarAssetLocator (OnEnabledResourceChainCondition)

   WebMvcAutoConfiguration.WebMvcAutoConfigurationAdapter#beanNameViewResolver:
      Did not match:
         - @ConditionalOnMissingBean (types: org.springframework.web.servlet.view.BeanNameViewResolver; SearchStrategy: all) found beans of type 'org.springframework.web.servlet.view.BeanNameViewResolver' beanNameViewResolver (OnBeanCondition)

   WebServiceTemplateAutoConfiguration:
      Did not match:
         - @ConditionalOnClass did not find required class 'org.springframework.oxm.Marshaller' (OnClassCondition)

   WebServicesAutoConfiguration:
      Did not match:
         - @ConditionalOnClass did not find required class 'org.springframework.ws.transport.http.MessageDispatcherServlet' (OnClassCondition)

   WebSessionIdResolverAutoConfiguration:
      Did not match:
         - @ConditionalOnClass did not find required class 'reactor.core.publisher.Mono' (OnClassCondition)

   WebSocketMessagingAutoConfiguration:
      Did not match:
         - @ConditionalOnClass did not find required class 'org.springframework.web.socket.config.annotation.WebSocketMessageBrokerConfigurer' (OnClassCondition)

   WebSocketReactiveAutoConfiguration:
      Did not match:
         - @ConditionalOnWebApplication did not find reactive web application classes (OnWebApplicationCondition)

   WebSocketServletAutoConfiguration.JettyWebSocketConfiguration:
      Did not match:
         - @ConditionalOnClass did not find required class 'org.eclipse.jetty.ee10.websocket.jakarta.server.config.JakartaWebSocketServletContainerInitializer' (OnClassCondition)

   WebSocketServletAutoConfiguration.UndertowWebSocketConfiguration:
      Did not match:
         - @ConditionalOnClass did not find required class 'io.undertow.websockets.jsr.Bootstrap' (OnClassCondition)

   XADataSourceAutoConfiguration:
      Did not match:
         - @ConditionalOnBean (types: org.springframework.boot.jdbc.XADataSourceWrapper; SearchStrategy: all) did not find any beans of type org.springframework.boot.jdbc.XADataSourceWrapper (OnBeanCondition)
      Matched:
         - @ConditionalOnClass found required classes 'javax.sql.DataSource', 'jakarta.transaction.TransactionManager', 'org.springframework.jdbc.datasource.embedded.EmbeddedDatabaseType' (OnClassCondition)


Exclusions:
-----------

    None


Unconditional classes:
----------------------

    org.springframework.boot.autoconfigure.context.ConfigurationPropertiesAutoConfiguration

    org.springframework.boot.autoconfigure.ssl.SslAutoConfiguration

    org.springframework.boot.autoconfigure.context.LifecycleAutoConfiguration

    org.springframework.boot.autoconfigure.context.PropertyPlaceholderAutoConfiguration

    org.springframework.boot.autoconfigure.availability.ApplicationAvailabilityAutoConfiguration

    org.springframework.boot.autoconfigure.info.ProjectInfoAutoConfiguration



2024-05-24T14:42:28.410-07:00  INFO 79649 --- [trivia] [           main] c.libbi.trivia.TriviaApplicationTests    : Started TriviaApplicationTests in 4.471 seconds (process running for 5.431)
2024-05-24T14:42:28.412-07:00 DEBUG 79649 --- [trivia] [           main] o.s.b.a.ApplicationAvailabilityBean      : Application availability state LivenessState changed to CORRECT
2024-05-24T14:42:28.421-07:00 DEBUG 79649 --- [trivia] [           main] o.s.orm.jpa.JpaTransactionManager        : Creating new transaction with name [org.springframework.data.jpa.repository.support.SimpleJpaRepository.saveAll]: PROPAGATION_REQUIRED,ISOLATION_DEFAULT
2024-05-24T14:42:28.421-07:00 DEBUG 79649 --- [trivia] [           main] o.s.orm.jpa.JpaTransactionManager        : Opened new EntityManager [SessionImpl(1104197405<open>)] for JPA transaction
2024-05-24T14:42:28.426-07:00 DEBUG 79649 --- [trivia] [           main] o.s.orm.jpa.JpaTransactionManager        : Exposing JPA transaction as JDBC [org.springframework.orm.jpa.vendor.HibernateJpaDialect$HibernateConnectionHandle@5e05f3eb]
2024-05-24T14:42:28.452-07:00 DEBUG 79649 --- [trivia] [           main] o.s.orm.jpa.JpaTransactionManager        : Initiating transaction commit
2024-05-24T14:42:28.452-07:00 DEBUG 79649 --- [trivia] [           main] o.s.orm.jpa.JpaTransactionManager        : Committing JPA transaction on EntityManager [SessionImpl(1104197405<open>)]
2024-05-24T14:42:28.473-07:00 DEBUG 79649 --- [trivia] [           main] o.s.orm.jpa.JpaTransactionManager        : Closing JPA EntityManager [SessionImpl(1104197405<open>)] after transaction
2024-05-24T14:42:28.474-07:00 DEBUG 79649 --- [trivia] [           main] o.s.orm.jpa.JpaTransactionManager        : Creating new transaction with name [org.springframework.data.jpa.repository.support.SimpleJpaRepository.saveAll]: PROPAGATION_REQUIRED,ISOLATION_DEFAULT
2024-05-24T14:42:28.474-07:00 DEBUG 79649 --- [trivia] [           main] o.s.orm.jpa.JpaTransactionManager        : Opened new EntityManager [SessionImpl(2058204648<open>)] for JPA transaction
2024-05-24T14:42:28.474-07:00 DEBUG 79649 --- [trivia] [           main] o.s.orm.jpa.JpaTransactionManager        : Exposing JPA transaction as JDBC [org.springframework.orm.jpa.vendor.HibernateJpaDialect$HibernateConnectionHandle@6f8060ac]
2024-05-24T14:42:28.475-07:00 DEBUG 79649 --- [trivia] [           main] o.s.orm.jpa.JpaTransactionManager        : Initiating transaction commit
2024-05-24T14:42:28.475-07:00 DEBUG 79649 --- [trivia] [           main] o.s.orm.jpa.JpaTransactionManager        : Committing JPA transaction on EntityManager [SessionImpl(2058204648<open>)]
2024-05-24T14:42:28.478-07:00 DEBUG 79649 --- [trivia] [           main] o.s.orm.jpa.JpaTransactionManager        : Closing JPA EntityManager [SessionImpl(2058204648<open>)] after transaction
2024-05-24T14:42:28.478-07:00 DEBUG 79649 --- [trivia] [           main] o.s.orm.jpa.JpaTransactionManager        : Creating new transaction with name [org.springframework.data.jpa.repository.support.SimpleJpaRepository.saveAll]: PROPAGATION_REQUIRED,ISOLATION_DEFAULT
2024-05-24T14:42:28.478-07:00 DEBUG 79649 --- [trivia] [           main] o.s.orm.jpa.JpaTransactionManager        : Opened new EntityManager [SessionImpl(118722760<open>)] for JPA transaction
2024-05-24T14:42:28.478-07:00 DEBUG 79649 --- [trivia] [           main] o.s.orm.jpa.JpaTransactionManager        : Exposing JPA transaction as JDBC [org.springframework.orm.jpa.vendor.HibernateJpaDialect$HibernateConnectionHandle@179806f3]
2024-05-24T14:42:28.480-07:00 DEBUG 79649 --- [trivia] [           main] o.s.orm.jpa.JpaTransactionManager        : Initiating transaction commit
2024-05-24T14:42:28.480-07:00 DEBUG 79649 --- [trivia] [           main] o.s.orm.jpa.JpaTransactionManager        : Committing JPA transaction on EntityManager [SessionImpl(118722760<open>)]
2024-05-24T14:42:28.483-07:00 DEBUG 79649 --- [trivia] [           main] o.s.orm.jpa.JpaTransactionManager        : Closing JPA EntityManager [SessionImpl(118722760<open>)] after transaction
2024-05-24T14:42:28.484-07:00 DEBUG 79649 --- [trivia] [           main] o.s.orm.jpa.JpaTransactionManager        : Creating new transaction with name [org.springframework.data.jpa.repository.support.SimpleJpaRepository.saveAll]: PROPAGATION_REQUIRED,ISOLATION_DEFAULT
2024-05-24T14:42:28.484-07:00 DEBUG 79649 --- [trivia] [           main] o.s.orm.jpa.JpaTransactionManager        : Opened new EntityManager [SessionImpl(1712941358<open>)] for JPA transaction
2024-05-24T14:42:28.484-07:00 DEBUG 79649 --- [trivia] [           main] o.s.orm.jpa.JpaTransactionManager        : Exposing JPA transaction as JDBC [org.springframework.orm.jpa.vendor.HibernateJpaDialect$HibernateConnectionHandle@765d2d4d]
2024-05-24T14:42:28.497-07:00 DEBUG 79649 --- [trivia] [           main] o.s.orm.jpa.JpaTransactionManager        : Initiating transaction commit
2024-05-24T14:42:28.497-07:00 DEBUG 79649 --- [trivia] [           main] o.s.orm.jpa.JpaTransactionManager        : Committing JPA transaction on EntityManager [SessionImpl(1712941358<open>)]
2024-05-24T14:42:28.510-07:00 DEBUG 79649 --- [trivia] [           main] o.s.orm.jpa.JpaTransactionManager        : Closing JPA EntityManager [SessionImpl(1712941358<open>)] after transaction
2024-05-24T14:42:28.511-07:00 DEBUG 79649 --- [trivia] [           main] o.s.orm.jpa.JpaTransactionManager        : Creating new transaction with name [org.springframework.data.jpa.repository.support.SimpleJpaRepository.saveAll]: PROPAGATION_REQUIRED,ISOLATION_DEFAULT
2024-05-24T14:42:28.511-07:00 DEBUG 79649 --- [trivia] [           main] o.s.orm.jpa.JpaTransactionManager        : Opened new EntityManager [SessionImpl(169651223<open>)] for JPA transaction
2024-05-24T14:42:28.511-07:00 DEBUG 79649 --- [trivia] [           main] o.s.orm.jpa.JpaTransactionManager        : Exposing JPA transaction as JDBC [org.springframework.orm.jpa.vendor.HibernateJpaDialect$HibernateConnectionHandle@1233f419]
2024-05-24T14:42:28.512-07:00 DEBUG 79649 --- [trivia] [           main] o.s.orm.jpa.JpaTransactionManager        : Initiating transaction commit
2024-05-24T14:42:28.513-07:00 DEBUG 79649 --- [trivia] [           main] o.s.orm.jpa.JpaTransactionManager        : Committing JPA transaction on EntityManager [SessionImpl(169651223<open>)]
2024-05-24T14:42:28.515-07:00 DEBUG 79649 --- [trivia] [           main] o.s.orm.jpa.JpaTransactionManager        : Closing JPA EntityManager [SessionImpl(169651223<open>)] after transaction
2024-05-24T14:42:28.516-07:00 DEBUG 79649 --- [trivia] [           main] o.s.b.a.ApplicationAvailabilityBean      : Application availability state ReadinessState changed to ACCEPTING_TRAFFIC
2024-05-24T14:42:28.517-07:00 DEBUG 79649 --- [trivia] [           main] org.springframework.test.context.cache   : Spring test ApplicationContext cache statistics: [DefaultContextCache@6a844 size = 1, maxSize = 32, parentContextCount = 0, hitCount = 0, missCount = 1, failureCount = 0]
2024-05-24T14:42:28.518-07:00 DEBUG 79649 --- [trivia] [           main] o.s.t.c.w.ServletTestExecutionListener   : Setting up MockHttpServletRequest, MockHttpServletResponse, ServletWebRequest, and RequestContextHolder for test class com.libbi.trivia.TriviaApplicationTests
2024-05-24T14:42:28.528-07:00 DEBUG 79649 --- [trivia] [           main] DependencyInjectionTestExecutionListener : Performing dependency injection for test class com.libbi.trivia.TriviaApplicationTests
2024-05-24T14:42:28.528-07:00 DEBUG 79649 --- [trivia] [           main] org.springframework.test.context.cache   : Spring test ApplicationContext cache statistics: [DefaultContextCache@6a844 size = 1, maxSize = 32, parentContextCount = 0, hitCount = 1, missCount = 1, failureCount = 0]
2024-05-24T14:42:28.530-07:00 DEBUG 79649 --- [trivia] [           main] org.springframework.test.context.cache   : Spring test ApplicationContext cache statistics: [DefaultContextCache@6a844 size = 1, maxSize = 32, parentContextCount = 0, hitCount = 2, missCount = 1, failureCount = 0]
2024-05-24T14:42:28.535-07:00 DEBUG 79649 --- [trivia] [           main] sContextBeforeModesTestExecutionListener : Before test method: class [TriviaApplicationTests], method [contextLoads], class annotated with @DirtiesContext [false] with mode [null], method annotated with @DirtiesContext [false] with mode [null]
2024-05-24T14:42:28.537-07:00 DEBUG 79649 --- [trivia] [           main] org.springframework.test.context.cache   : Spring test ApplicationContext cache statistics: [DefaultContextCache@6a844 size = 1, maxSize = 32, parentContextCount = 0, hitCount = 3, missCount = 1, failureCount = 0]
2024-05-24T14:42:28.538-07:00 DEBUG 79649 --- [trivia] [           main] org.springframework.test.context.cache   : Spring test ApplicationContext cache statistics: [DefaultContextCache@6a844 size = 1, maxSize = 32, parentContextCount = 0, hitCount = 4, missCount = 1, failureCount = 0]
2024-05-24T14:42:29.058-07:00 DEBUG 79649 --- [trivia] [           main] org.springframework.test.context.cache   : Spring test ApplicationContext cache statistics: [DefaultContextCache@6a844 size = 1, maxSize = 32, parentContextCount = 0, hitCount = 5, missCount = 1, failureCount = 0]
2024-05-24T14:42:29.063-07:00 DEBUG 79649 --- [trivia] [           main] org.springframework.test.context.cache   : Spring test ApplicationContext cache statistics: [DefaultContextCache@6a844 size = 1, maxSize = 32, parentContextCount = 0, hitCount = 6, missCount = 1, failureCount = 0]
2024-05-24T14:42:29.063-07:00 DEBUG 79649 --- [trivia] [           main] org.springframework.test.context.cache   : Spring test ApplicationContext cache statistics: [DefaultContextCache@6a844 size = 1, maxSize = 32, parentContextCount = 0, hitCount = 7, missCount = 1, failureCount = 0]
2024-05-24T14:42:29.064-07:00 DEBUG 79649 --- [trivia] [           main] org.springframework.test.context.cache   : Spring test ApplicationContext cache statistics: [DefaultContextCache@6a844 size = 1, maxSize = 32, parentContextCount = 0, hitCount = 8, missCount = 1, failureCount = 0]
2024-05-24T14:42:29.065-07:00 DEBUG 79649 --- [trivia] [           main] org.springframework.test.context.cache   : Spring test ApplicationContext cache statistics: [DefaultContextCache@6a844 size = 1, maxSize = 32, parentContextCount = 0, hitCount = 9, missCount = 1, failureCount = 0]
2024-05-24T14:42:29.066-07:00 DEBUG 79649 --- [trivia] [           main] org.springframework.test.context.cache   : Spring test ApplicationContext cache statistics: [DefaultContextCache@6a844 size = 1, maxSize = 32, parentContextCount = 0, hitCount = 10, missCount = 1, failureCount = 0]
2024-05-24T14:42:29.068-07:00 DEBUG 79649 --- [trivia] [           main] org.springframework.test.context.cache   : Spring test ApplicationContext cache statistics: [DefaultContextCache@6a844 size = 1, maxSize = 32, parentContextCount = 0, hitCount = 11, missCount = 1, failureCount = 0]
2024-05-24T14:42:29.070-07:00 DEBUG 79649 --- [trivia] [           main] org.springframework.test.context.cache   : Spring test ApplicationContext cache statistics: [DefaultContextCache@6a844 size = 1, maxSize = 32, parentContextCount = 0, hitCount = 12, missCount = 1, failureCount = 0]
2024-05-24T14:42:29.070-07:00 DEBUG 79649 --- [trivia] [           main] .c.s.DirtiesContextTestExecutionListener : After test method: class [TriviaApplicationTests], method [contextLoads], class annotated with @DirtiesContext [false] with mode [null], method annotated with @DirtiesContext [false] with mode [null]
2024-05-24T14:42:29.070-07:00 DEBUG 79649 --- [trivia] [           main] o.s.t.c.w.ServletTestExecutionListener   : Resetting RequestContextHolder for test class com.libbi.trivia.TriviaApplicationTests
]]></system-out>
  </testcase>
</testsuite>